2018-07-18T03:15:16.807+0000 I CONTROL  [initandlisten] MongoDB starting : pid=1 port=27017 dbpath=mongodb/data/db/router.config 64-bit host=ed1f91db028b
2018-07-18T03:15:16.809+0000 I CONTROL  [initandlisten] db version v4.0.0
2018-07-18T03:15:16.809+0000 I CONTROL  [initandlisten] git version: 3b07af3d4f471ae89e8186d33bbb1d5259597d51
2018-07-18T03:15:16.810+0000 I CONTROL  [initandlisten] OpenSSL version: OpenSSL 1.0.2g  1 Mar 2016
2018-07-18T03:15:16.810+0000 I CONTROL  [initandlisten] allocator: tcmalloc
2018-07-18T03:15:16.811+0000 I CONTROL  [initandlisten] modules: none
2018-07-18T03:15:16.811+0000 I CONTROL  [initandlisten] build environment:
2018-07-18T03:15:16.811+0000 I CONTROL  [initandlisten]     distmod: ubuntu1604
2018-07-18T03:15:16.812+0000 I CONTROL  [initandlisten]     distarch: x86_64
2018-07-18T03:15:16.812+0000 I CONTROL  [initandlisten]     target_arch: x86_64
2018-07-18T03:15:16.812+0000 I CONTROL  [initandlisten] options: { config: "/mongodb/config/router.config", net: { bindIp: "127.0.0.1", bindIpAll: true, port: 27017 }, processManagement: { timeZoneInfo: "/usr/share/zoneinfo" }, storage: { dbPath: "mongodb/data/db/router.config", journal: { enabled: true } }, systemLog: { destination: "file", logAppend: true, path: "mongodb/data/logs/router.log" } }
2018-07-18T03:15:16.814+0000 I STORAGE  [initandlisten] exception in initAndListen: NonExistentPath: Data directory mongodb/data/db/router.config not found., terminating
2018-07-18T03:15:16.815+0000 I CONTROL  [initandlisten] now exiting
2018-07-18T03:15:16.815+0000 I CONTROL  [initandlisten] shutting down with code:100
2018-07-18T03:19:03.536+0000 I CONTROL  [main] ***** SERVER RESTARTED *****
2018-07-18T03:19:03.594+0000 I CONTROL  [initandlisten] MongoDB starting : pid=1 port=27017 dbpath=mongodb/data/db/router.config 64-bit host=ed1f91db028b
2018-07-18T03:19:03.596+0000 I CONTROL  [initandlisten] db version v4.0.0
2018-07-18T03:19:03.597+0000 I CONTROL  [initandlisten] git version: 3b07af3d4f471ae89e8186d33bbb1d5259597d51
2018-07-18T03:19:03.598+0000 I CONTROL  [initandlisten] OpenSSL version: OpenSSL 1.0.2g  1 Mar 2016
2018-07-18T03:19:03.600+0000 I CONTROL  [initandlisten] allocator: tcmalloc
2018-07-18T03:19:03.602+0000 I CONTROL  [initandlisten] modules: none
2018-07-18T03:19:03.603+0000 I CONTROL  [initandlisten] build environment:
2018-07-18T03:19:03.607+0000 I CONTROL  [initandlisten]     distmod: ubuntu1604
2018-07-18T03:19:03.607+0000 I CONTROL  [initandlisten]     distarch: x86_64
2018-07-18T03:19:03.608+0000 I CONTROL  [initandlisten]     target_arch: x86_64
2018-07-18T03:19:03.610+0000 I CONTROL  [initandlisten] options: { config: "/mongodb/config/router.config", net: { bindIp: "127.0.0.1", bindIpAll: true, port: 27017 }, processManagement: { timeZoneInfo: "/usr/share/zoneinfo" }, storage: { dbPath: "mongodb/data/db/router.config", journal: { enabled: true } }, systemLog: { destination: "file", logAppend: true, path: "mongodb/data/logs/router.log" } }
2018-07-18T03:19:03.624+0000 I STORAGE  [initandlisten] exception in initAndListen: NonExistentPath: Data directory mongodb/data/db/router.config not found., terminating
2018-07-18T03:19:03.629+0000 I CONTROL  [initandlisten] now exiting
2018-07-18T03:19:03.634+0000 I CONTROL  [initandlisten] shutting down with code:100
2018-07-18T03:20:00.517+0000 I CONTROL  [main] ***** SERVER RESTARTED *****
2018-07-18T03:20:00.540+0000 I CONTROL  [initandlisten] MongoDB starting : pid=1 port=27017 dbpath=mongodb/data/db/router.config 64-bit host=7118944e3af6
2018-07-18T03:20:00.540+0000 I CONTROL  [initandlisten] db version v4.0.0
2018-07-18T03:20:00.540+0000 I CONTROL  [initandlisten] git version: 3b07af3d4f471ae89e8186d33bbb1d5259597d51
2018-07-18T03:20:00.541+0000 I CONTROL  [initandlisten] OpenSSL version: OpenSSL 1.0.2g  1 Mar 2016
2018-07-18T03:20:00.541+0000 I CONTROL  [initandlisten] allocator: tcmalloc
2018-07-18T03:20:00.541+0000 I CONTROL  [initandlisten] modules: none
2018-07-18T03:20:00.542+0000 I CONTROL  [initandlisten] build environment:
2018-07-18T03:20:00.542+0000 I CONTROL  [initandlisten]     distmod: ubuntu1604
2018-07-18T03:20:00.542+0000 I CONTROL  [initandlisten]     distarch: x86_64
2018-07-18T03:20:00.542+0000 I CONTROL  [initandlisten]     target_arch: x86_64
2018-07-18T03:20:00.543+0000 I CONTROL  [initandlisten] options: { config: "/mongodb/config/router.config", net: { bindIp: "127.0.0.1", bindIpAll: true, port: 27017 }, processManagement: { timeZoneInfo: "/usr/share/zoneinfo" }, storage: { dbPath: "mongodb/data/db/router.config", journal: { enabled: true } }, systemLog: { destination: "file", logAppend: true, path: "mongodb/data/logs/router.log" } }
2018-07-18T03:20:00.544+0000 I STORAGE  [initandlisten] exception in initAndListen: NonExistentPath: Data directory mongodb/data/db/router.config not found., terminating
2018-07-18T03:20:00.544+0000 I CONTROL  [initandlisten] now exiting
2018-07-18T03:20:00.544+0000 I CONTROL  [initandlisten] shutting down with code:100
2018-07-18T03:21:01.054+0000 I CONTROL  [main] ***** SERVER RESTARTED *****
2018-07-18T03:21:01.075+0000 I CONTROL  [initandlisten] MongoDB starting : pid=1 port=27017 dbpath=mongodb/data/db/router 64-bit host=02ff4e3836a8
2018-07-18T03:21:01.085+0000 I CONTROL  [initandlisten] db version v4.0.0
2018-07-18T03:21:01.085+0000 I CONTROL  [initandlisten] git version: 3b07af3d4f471ae89e8186d33bbb1d5259597d51
2018-07-18T03:21:01.086+0000 I CONTROL  [initandlisten] OpenSSL version: OpenSSL 1.0.2g  1 Mar 2016
2018-07-18T03:21:01.086+0000 I CONTROL  [initandlisten] allocator: tcmalloc
2018-07-18T03:21:01.086+0000 I CONTROL  [initandlisten] modules: none
2018-07-18T03:21:01.087+0000 I CONTROL  [initandlisten] build environment:
2018-07-18T03:21:01.087+0000 I CONTROL  [initandlisten]     distmod: ubuntu1604
2018-07-18T03:21:01.087+0000 I CONTROL  [initandlisten]     distarch: x86_64
2018-07-18T03:21:01.087+0000 I CONTROL  [initandlisten]     target_arch: x86_64
2018-07-18T03:21:01.088+0000 I CONTROL  [initandlisten] options: { config: "/mongodb/config/router.config", net: { bindIp: "127.0.0.1", bindIpAll: true, port: 27017 }, processManagement: { timeZoneInfo: "/usr/share/zoneinfo" }, storage: { dbPath: "mongodb/data/db/router", journal: { enabled: true } }, systemLog: { destination: "file", logAppend: true, path: "mongodb/data/logs/router.log" } }
2018-07-18T03:21:01.094+0000 I STORAGE  [initandlisten] wiredtiger_open config: create,cache_size=487M,session_max=20000,eviction=(threads_min=4,threads_max=4),config_base=false,statistics=(fast),log=(enabled=true,archive=true,path=journal,compressor=snappy),file_manager=(close_idle_time=100000),statistics_log=(wait=0),verbose=(recovery_progress),
2018-07-18T03:21:17.940+0000 I STORAGE  [initandlisten] WiredTiger message [1531884077:940636][1:0x7fb24e3cea00], txn-recover: Set global recovery timestamp: 0
2018-07-18T03:21:17.957+0000 I RECOVERY [initandlisten] WiredTiger recoveryTimestamp. Ts: Timestamp(0, 0)
2018-07-18T03:21:18.003+0000 I CONTROL  [initandlisten] 
2018-07-18T03:21:18.004+0000 I CONTROL  [initandlisten] ** WARNING: Access control is not enabled for the database.
2018-07-18T03:21:18.004+0000 I CONTROL  [initandlisten] **          Read and write access to data and configuration is unrestricted.
2018-07-18T03:21:18.005+0000 I CONTROL  [initandlisten] 
2018-07-18T03:21:18.008+0000 I STORAGE  [initandlisten] createCollection: admin.system.version with provided UUID: f9286ca4-1c2b-42cf-ba09-98ba15481bc1
2018-07-18T03:21:18.044+0000 I COMMAND  [initandlisten] setting featureCompatibilityVersion to 4.0
2018-07-18T03:21:18.052+0000 I STORAGE  [initandlisten] createCollection: local.startup_log with generated UUID: 368565d9-1293-40ec-ad29-fca3e99d11cf
2018-07-18T03:21:18.099+0000 I FTDC     [initandlisten] Initializing full-time diagnostic data capture with directory 'mongodb/data/db/router/diagnostic.data'
2018-07-18T03:21:18.102+0000 I NETWORK  [initandlisten] waiting for connections on port 27017
2018-07-18T03:21:18.102+0000 I STORAGE  [LogicalSessionCacheRefresh] createCollection: config.system.sessions with generated UUID: 0e6e4d60-8b01-4057-b037-20079af6d1f6
2018-07-18T03:21:18.179+0000 I INDEX    [LogicalSessionCacheRefresh] build index on: config.system.sessions properties: { v: 2, key: { lastUse: 1 }, name: "lsidTTLIndex", ns: "config.system.sessions", expireAfterSeconds: 1800 }
2018-07-18T03:21:18.181+0000 I INDEX    [LogicalSessionCacheRefresh] 	 building index using bulk method; build may temporarily use up to 500 megabytes of RAM
2018-07-18T03:21:18.197+0000 I INDEX    [LogicalSessionCacheRefresh] build index done.  scanned 0 total records. 0 secs
2018-07-18T03:26:25.412+0000 I CONTROL  [main] ***** SERVER RESTARTED *****
2018-07-18T03:26:25.430+0000 I CONTROL  [initandlisten] MongoDB starting : pid=1 port=27017 dbpath=mongodb/data/db/router 64-bit host=02ff4e3836a8
2018-07-18T03:26:25.430+0000 I CONTROL  [initandlisten] db version v4.0.0
2018-07-18T03:26:25.430+0000 I CONTROL  [initandlisten] git version: 3b07af3d4f471ae89e8186d33bbb1d5259597d51
2018-07-18T03:26:25.431+0000 I CONTROL  [initandlisten] OpenSSL version: OpenSSL 1.0.2g  1 Mar 2016
2018-07-18T03:26:25.431+0000 I CONTROL  [initandlisten] allocator: tcmalloc
2018-07-18T03:26:25.431+0000 I CONTROL  [initandlisten] modules: none
2018-07-18T03:26:25.432+0000 I CONTROL  [initandlisten] build environment:
2018-07-18T03:26:25.432+0000 I CONTROL  [initandlisten]     distmod: ubuntu1604
2018-07-18T03:26:25.433+0000 I CONTROL  [initandlisten]     distarch: x86_64
2018-07-18T03:26:25.434+0000 I CONTROL  [initandlisten]     target_arch: x86_64
2018-07-18T03:26:25.434+0000 I CONTROL  [initandlisten] options: { config: "/mongodb/config/router.config", net: { bindIp: "127.0.0.1", bindIpAll: true, port: 27017 }, processManagement: { timeZoneInfo: "/usr/share/zoneinfo" }, storage: { dbPath: "mongodb/data/db/router", journal: { enabled: true } }, systemLog: { destination: "file", logAppend: true, path: "mongodb/data/logs/router.log" } }
2018-07-18T03:26:25.441+0000 W STORAGE  [initandlisten] Detected unclean shutdown - mongodb/data/db/router/mongod.lock is not empty.
2018-07-18T03:26:25.446+0000 I STORAGE  [initandlisten] Detected data files in mongodb/data/db/router created by the 'wiredTiger' storage engine, so setting the active storage engine to 'wiredTiger'.
2018-07-18T03:26:25.451+0000 W STORAGE  [initandlisten] Recovering data from the last clean checkpoint.
2018-07-18T03:26:25.458+0000 I STORAGE  [initandlisten] wiredtiger_open config: create,cache_size=487M,session_max=20000,eviction=(threads_min=4,threads_max=4),config_base=false,statistics=(fast),log=(enabled=true,archive=true,path=journal,compressor=snappy),file_manager=(close_idle_time=100000),statistics_log=(wait=0),verbose=(recovery_progress),
2018-07-18T03:26:43.498+0000 I STORAGE  [initandlisten] WiredTiger message [1531884403:498502][1:0x7f42609c2a00], txn-recover: Main recovery loop: starting at 1/0
2018-07-18T03:26:43.526+0000 I STORAGE  [initandlisten] WiredTiger message [1531884403:526674][1:0x7f42609c2a00], txn-recover: Recovering log 1 through 2
2018-07-18T03:26:45.016+0000 I STORAGE  [initandlisten] WiredTiger message [1531884405:16142][1:0x7f42609c2a00], file:index-3-4071559551759898883.wt, txn-recover: Recovering log 2 through 2
2018-07-18T03:26:45.238+0000 I STORAGE  [initandlisten] WiredTiger message [1531884405:238900][1:0x7f42609c2a00], file:index-3-4071559551759898883.wt, txn-recover: Set global recovery timestamp: 0
2018-07-18T03:26:45.488+0000 I RECOVERY [initandlisten] WiredTiger recoveryTimestamp. Ts: Timestamp(0, 0)
2018-07-18T03:26:45.726+0000 I CONTROL  [initandlisten] 
2018-07-18T03:26:45.729+0000 I CONTROL  [initandlisten] ** WARNING: Access control is not enabled for the database.
2018-07-18T03:26:45.732+0000 I CONTROL  [initandlisten] **          Read and write access to data and configuration is unrestricted.
2018-07-18T03:26:45.733+0000 I CONTROL  [initandlisten] 
2018-07-18T03:26:45.926+0000 I FTDC     [initandlisten] Initializing full-time diagnostic data capture with directory 'mongodb/data/db/router/diagnostic.data'
2018-07-18T03:26:45.955+0000 I NETWORK  [initandlisten] waiting for connections on port 27017
2018-07-18T03:26:57.727+0000 I CONTROL  [signalProcessingThread] got signal 15 (Terminated), will terminate after current cmd ends
2018-07-18T03:26:57.727+0000 I NETWORK  [signalProcessingThread] shutdown: going to close listening sockets...
2018-07-18T03:26:57.731+0000 I NETWORK  [signalProcessingThread] removing socket file: /tmp/mongodb-27017.sock
2018-07-18T03:26:57.737+0000 I CONTROL  [signalProcessingThread] Shutting down free monitoring
2018-07-18T03:26:57.739+0000 I FTDC     [signalProcessingThread] Shutting down full-time diagnostic data capture
2018-07-18T03:26:57.752+0000 I STORAGE  [signalProcessingThread] WiredTigerKVEngine shutting down
2018-07-18T03:31:57.772+0000 I CONTROL  [main] ***** SERVER RESTARTED *****
2018-07-18T03:31:57.811+0000 I CONTROL  [initandlisten] MongoDB starting : pid=1 port=27017 dbpath=mongodb/data/db/router 64-bit host=e4ca9091390a
2018-07-18T03:31:57.811+0000 I CONTROL  [initandlisten] db version v4.0.0
2018-07-18T03:31:57.811+0000 I CONTROL  [initandlisten] git version: 3b07af3d4f471ae89e8186d33bbb1d5259597d51
2018-07-18T03:31:57.812+0000 I CONTROL  [initandlisten] OpenSSL version: OpenSSL 1.0.2g  1 Mar 2016
2018-07-18T03:31:57.812+0000 I CONTROL  [initandlisten] allocator: tcmalloc
2018-07-18T03:31:57.812+0000 I CONTROL  [initandlisten] modules: none
2018-07-18T03:31:57.812+0000 I CONTROL  [initandlisten] build environment:
2018-07-18T03:31:57.813+0000 I CONTROL  [initandlisten]     distmod: ubuntu1604
2018-07-18T03:31:57.813+0000 I CONTROL  [initandlisten]     distarch: x86_64
2018-07-18T03:31:57.813+0000 I CONTROL  [initandlisten]     target_arch: x86_64
2018-07-18T03:31:57.813+0000 I CONTROL  [initandlisten] options: { config: "/mongodb/config/router.config", net: { bindIp: "127.0.0.1", bindIpAll: true, port: 27017 }, processManagement: { timeZoneInfo: "/usr/share/zoneinfo" }, storage: { dbPath: "mongodb/data/db/router", journal: { enabled: true } }, systemLog: { destination: "file", logAppend: true, path: "mongodb/data/logs/router.log" } }
2018-07-18T03:31:57.815+0000 W STORAGE  [initandlisten] Detected unclean shutdown - mongodb/data/db/router/mongod.lock is not empty.
2018-07-18T03:31:57.824+0000 I STORAGE  [initandlisten] Detected data files in mongodb/data/db/router created by the 'wiredTiger' storage engine, so setting the active storage engine to 'wiredTiger'.
2018-07-18T03:31:57.826+0000 W STORAGE  [initandlisten] Recovering data from the last clean checkpoint.
2018-07-18T03:31:57.827+0000 I STORAGE  [initandlisten] wiredtiger_open config: create,cache_size=487M,session_max=20000,eviction=(threads_min=4,threads_max=4),config_base=false,statistics=(fast),log=(enabled=true,archive=true,path=journal,compressor=snappy),file_manager=(close_idle_time=100000),statistics_log=(wait=0),verbose=(recovery_progress),
2018-07-18T03:32:18.749+0000 I STORAGE  [initandlisten] WiredTiger message [1531884738:749886][1:0x7f3b62655a00], txn-recover: Main recovery loop: starting at 2/6144
2018-07-18T03:32:21.145+0000 I STORAGE  [initandlisten] WiredTiger message [1531884741:145694][1:0x7f3b62655a00], txn-recover: Recovering log 2 through 3
2018-07-18T03:32:22.627+0000 I STORAGE  [initandlisten] WiredTiger message [1531884742:627595][1:0x7f3b62655a00], txn-recover: Recovering log 3 through 3
2018-07-18T03:32:22.928+0000 I STORAGE  [initandlisten] WiredTiger message [1531884742:928605][1:0x7f3b62655a00], txn-recover: Set global recovery timestamp: 0
2018-07-18T03:32:22.995+0000 I RECOVERY [initandlisten] WiredTiger recoveryTimestamp. Ts: Timestamp(0, 0)
2018-07-18T03:32:23.075+0000 I CONTROL  [initandlisten] 
2018-07-18T03:32:23.077+0000 I CONTROL  [initandlisten] ** WARNING: Access control is not enabled for the database.
2018-07-18T03:32:23.078+0000 I CONTROL  [initandlisten] **          Read and write access to data and configuration is unrestricted.
2018-07-18T03:32:23.079+0000 I CONTROL  [initandlisten] 
2018-07-18T03:32:23.130+0000 I FTDC     [initandlisten] Initializing full-time diagnostic data capture with directory 'mongodb/data/db/router/diagnostic.data'
2018-07-18T03:32:23.137+0000 I NETWORK  [initandlisten] waiting for connections on port 27017
2018-07-18T03:33:03.442+0000 I NETWORK  [listener] connection accepted from 127.0.0.1:58468 #1 (1 connection now open)
2018-07-18T03:33:03.443+0000 I NETWORK  [conn1] received client metadata from 127.0.0.1:58468 conn1: { application: { name: "MongoDB Shell" }, driver: { name: "MongoDB Internal Client", version: "4.0.0" }, os: { type: "Linux", name: "Ubuntu", architecture: "x86_64", version: "16.04" } }
2018-07-18T03:33:03.465+0000 I NETWORK  [conn1] end connection 127.0.0.1:58468 (0 connections now open)
2018-07-18T03:33:24.204+0000 I NETWORK  [listener] connection accepted from 127.0.0.1:58470 #2 (1 connection now open)
2018-07-18T03:33:24.205+0000 I NETWORK  [conn2] received client metadata from 127.0.0.1:58470 conn2: { application: { name: "MongoDB Shell" }, driver: { name: "MongoDB Internal Client", version: "4.0.0" }, os: { type: "Linux", name: "Ubuntu", architecture: "x86_64", version: "16.04" } }
2018-07-18T03:33:24.216+0000 I STORAGE  [conn2] createCollection: testDB.testCollection with generated UUID: 8c8789f5-74cd-4ec2-8b21-835f07903d49
2018-07-18T03:33:29.124+0000 I NETWORK  [conn2] end connection 127.0.0.1:58470 (0 connections now open)
2018-07-18T03:33:57.907+0000 I CONTROL  [signalProcessingThread] got signal 15 (Terminated), will terminate after current cmd ends
2018-07-18T03:33:57.910+0000 I NETWORK  [signalProcessingThread] shutdown: going to close listening sockets...
2018-07-18T03:33:57.911+0000 I NETWORK  [signalProcessingThread] removing socket file: /tmp/mongodb-27017.sock
2018-07-18T03:33:57.912+0000 I CONTROL  [signalProcessingThread] Shutting down free monitoring
2018-07-18T03:33:57.913+0000 I FTDC     [signalProcessingThread] Shutting down full-time diagnostic data capture
2018-07-18T03:33:57.920+0000 I STORAGE  [signalProcessingThread] WiredTigerKVEngine shutting down
2018-07-18T03:33:58.092+0000 I STORAGE  [signalProcessingThread] shutdown: removing fs lock...
2018-07-18T03:33:58.093+0000 I CONTROL  [signalProcessingThread] now exiting
2018-07-18T03:33:58.094+0000 I CONTROL  [signalProcessingThread] shutting down with code:0
2018-07-18T03:35:25.065+0000 I CONTROL  [main] ***** SERVER RESTARTED *****
2018-07-18T03:35:25.101+0000 I CONTROL  [initandlisten] MongoDB starting : pid=1 port=27017 dbpath=mongodb/data/db/router 64-bit host=5101fe8ef5bc
2018-07-18T03:35:25.102+0000 I CONTROL  [initandlisten] db version v4.0.0
2018-07-18T03:35:25.105+0000 I CONTROL  [initandlisten] git version: 3b07af3d4f471ae89e8186d33bbb1d5259597d51
2018-07-18T03:35:25.109+0000 I CONTROL  [initandlisten] OpenSSL version: OpenSSL 1.0.2g  1 Mar 2016
2018-07-18T03:35:25.111+0000 I CONTROL  [initandlisten] allocator: tcmalloc
2018-07-18T03:35:25.112+0000 I CONTROL  [initandlisten] modules: none
2018-07-18T03:35:25.112+0000 I CONTROL  [initandlisten] build environment:
2018-07-18T03:35:25.113+0000 I CONTROL  [initandlisten]     distmod: ubuntu1604
2018-07-18T03:35:25.113+0000 I CONTROL  [initandlisten]     distarch: x86_64
2018-07-18T03:35:25.114+0000 I CONTROL  [initandlisten]     target_arch: x86_64
2018-07-18T03:35:25.114+0000 I CONTROL  [initandlisten] options: { config: "/mongodb/config/router.config", net: { bindIp: "127.0.0.1", bindIpAll: true, port: 27017 }, processManagement: { timeZoneInfo: "/usr/share/zoneinfo" }, storage: { dbPath: "mongodb/data/db/router", journal: { enabled: true } }, systemLog: { destination: "file", logAppend: true, path: "mongodb/data/logs/router.log" } }
2018-07-18T03:35:25.129+0000 I STORAGE  [initandlisten] Detected data files in mongodb/data/db/router created by the 'wiredTiger' storage engine, so setting the active storage engine to 'wiredTiger'.
2018-07-18T03:35:25.133+0000 I STORAGE  [initandlisten] wiredtiger_open config: create,cache_size=487M,session_max=20000,eviction=(threads_min=4,threads_max=4),config_base=false,statistics=(fast),log=(enabled=true,archive=true,path=journal,compressor=snappy),file_manager=(close_idle_time=100000),statistics_log=(wait=0),verbose=(recovery_progress),
2018-07-18T03:35:46.968+0000 I STORAGE  [initandlisten] WiredTiger message [1531884946:968710][1:0x7ffb9393ca00], txn-recover: Main recovery loop: starting at 3/1291264
2018-07-18T03:35:49.228+0000 I STORAGE  [initandlisten] WiredTiger message [1531884949:228923][1:0x7ffb9393ca00], txn-recover: Recovering log 3 through 4
2018-07-18T03:35:51.004+0000 I STORAGE  [initandlisten] WiredTiger message [1531884951:4470][1:0x7ffb9393ca00], txn-recover: Recovering log 4 through 4
2018-07-18T03:35:51.129+0000 I STORAGE  [initandlisten] WiredTiger message [1531884951:129409][1:0x7ffb9393ca00], txn-recover: Set global recovery timestamp: 0
2018-07-18T03:35:51.308+0000 I RECOVERY [initandlisten] WiredTiger recoveryTimestamp. Ts: Timestamp(0, 0)
2018-07-18T03:35:51.533+0000 I CONTROL  [initandlisten] 
2018-07-18T03:35:51.546+0000 I CONTROL  [initandlisten] ** WARNING: Access control is not enabled for the database.
2018-07-18T03:35:51.547+0000 I CONTROL  [initandlisten] **          Read and write access to data and configuration is unrestricted.
2018-07-18T03:35:51.550+0000 I CONTROL  [initandlisten] 
2018-07-18T03:35:51.634+0000 I FTDC     [initandlisten] Initializing full-time diagnostic data capture with directory 'mongodb/data/db/router/diagnostic.data'
2018-07-18T03:35:51.637+0000 I NETWORK  [initandlisten] waiting for connections on port 27017
2018-07-18T03:36:09.424+0000 I CONTROL  [signalProcessingThread] got signal 15 (Terminated), will terminate after current cmd ends
2018-07-18T03:36:09.425+0000 I NETWORK  [signalProcessingThread] shutdown: going to close listening sockets...
2018-07-18T03:36:09.426+0000 I NETWORK  [signalProcessingThread] removing socket file: /tmp/mongodb-27017.sock
2018-07-18T03:36:09.428+0000 I CONTROL  [signalProcessingThread] Shutting down free monitoring
2018-07-18T03:36:09.429+0000 I FTDC     [signalProcessingThread] Shutting down full-time diagnostic data capture
2018-07-18T03:36:09.442+0000 I STORAGE  [signalProcessingThread] WiredTigerKVEngine shutting down
2018-07-18T03:36:16.449+0000 I STORAGE  [signalProcessingThread] shutdown: removing fs lock...
2018-07-18T03:36:16.451+0000 I CONTROL  [signalProcessingThread] now exiting
2018-07-18T03:36:16.452+0000 I CONTROL  [signalProcessingThread] shutting down with code:0
2018-07-18T03:36:24.408+0000 I CONTROL  [main] ***** SERVER RESTARTED *****
2018-07-18T03:36:24.466+0000 I CONTROL  [initandlisten] MongoDB starting : pid=1 port=27017 dbpath=mongodb/data/db/router 64-bit host=69fc22e5d3ce
2018-07-18T03:36:24.470+0000 I CONTROL  [initandlisten] db version v4.0.0
2018-07-18T03:36:24.476+0000 I CONTROL  [initandlisten] git version: 3b07af3d4f471ae89e8186d33bbb1d5259597d51
2018-07-18T03:36:24.478+0000 I CONTROL  [initandlisten] OpenSSL version: OpenSSL 1.0.2g  1 Mar 2016
2018-07-18T03:36:24.478+0000 I CONTROL  [initandlisten] allocator: tcmalloc
2018-07-18T03:36:24.479+0000 I CONTROL  [initandlisten] modules: none
2018-07-18T03:36:24.479+0000 I CONTROL  [initandlisten] build environment:
2018-07-18T03:36:24.479+0000 I CONTROL  [initandlisten]     distmod: ubuntu1604
2018-07-18T03:36:24.480+0000 I CONTROL  [initandlisten]     distarch: x86_64
2018-07-18T03:36:24.484+0000 I CONTROL  [initandlisten]     target_arch: x86_64
2018-07-18T03:36:24.484+0000 I CONTROL  [initandlisten] options: { config: "/mongodb/config/router.config", net: { bindIp: "127.0.0.1", bindIpAll: true, port: 27017 }, processManagement: { timeZoneInfo: "/usr/share/zoneinfo" }, storage: { dbPath: "mongodb/data/db/router", journal: { enabled: true } }, systemLog: { destination: "file", logAppend: true, path: "mongodb/data/logs/router.log" } }
2018-07-18T03:36:24.502+0000 I STORAGE  [initandlisten] Detected data files in mongodb/data/db/router created by the 'wiredTiger' storage engine, so setting the active storage engine to 'wiredTiger'.
2018-07-18T03:36:24.518+0000 I STORAGE  [initandlisten] wiredtiger_open config: create,cache_size=487M,session_max=20000,eviction=(threads_min=4,threads_max=4),config_base=false,statistics=(fast),log=(enabled=true,archive=true,path=journal,compressor=snappy),file_manager=(close_idle_time=100000),statistics_log=(wait=0),verbose=(recovery_progress),
2018-07-18T03:36:48.216+0000 I STORAGE  [initandlisten] WiredTiger message [1531885008:216571][1:0x7fb336735a00], txn-recover: Main recovery loop: starting at 4/6272
2018-07-18T03:36:50.274+0000 I STORAGE  [initandlisten] WiredTiger message [1531885010:274507][1:0x7fb336735a00], txn-recover: Recovering log 4 through 5
2018-07-18T03:36:51.609+0000 I STORAGE  [initandlisten] WiredTiger message [1531885011:609488][1:0x7fb336735a00], txn-recover: Recovering log 5 through 5
2018-07-18T03:36:51.833+0000 I STORAGE  [initandlisten] WiredTiger message [1531885011:833511][1:0x7fb336735a00], txn-recover: Set global recovery timestamp: 0
2018-07-18T03:36:51.953+0000 I RECOVERY [initandlisten] WiredTiger recoveryTimestamp. Ts: Timestamp(0, 0)
2018-07-18T03:36:52.086+0000 I CONTROL  [initandlisten] 
2018-07-18T03:36:52.088+0000 I CONTROL  [initandlisten] ** WARNING: Access control is not enabled for the database.
2018-07-18T03:36:52.089+0000 I CONTROL  [initandlisten] **          Read and write access to data and configuration is unrestricted.
2018-07-18T03:36:52.090+0000 I CONTROL  [initandlisten] 
2018-07-18T03:36:52.179+0000 I FTDC     [initandlisten] Initializing full-time diagnostic data capture with directory 'mongodb/data/db/router/diagnostic.data'
2018-07-18T03:36:52.181+0000 I NETWORK  [initandlisten] waiting for connections on port 27017
2018-07-18T03:37:08.877+0000 I NETWORK  [listener] connection accepted from 127.0.0.1:58476 #1 (1 connection now open)
2018-07-18T03:37:08.878+0000 I NETWORK  [conn1] received client metadata from 127.0.0.1:58476 conn1: { application: { name: "MongoDB Shell" }, driver: { name: "MongoDB Internal Client", version: "4.0.0" }, os: { type: "Linux", name: "Ubuntu", architecture: "x86_64", version: "16.04" } }
2018-07-18T03:37:16.961+0000 I NETWORK  [conn1] end connection 127.0.0.1:58476 (0 connections now open)
2018-07-18T03:40:59.915+0000 I CONTROL  [signalProcessingThread] got signal 15 (Terminated), will terminate after current cmd ends
2018-07-18T03:40:59.915+0000 I NETWORK  [signalProcessingThread] shutdown: going to close listening sockets...
2018-07-18T03:40:59.916+0000 I NETWORK  [signalProcessingThread] removing socket file: /tmp/mongodb-27017.sock
2018-07-18T03:40:59.918+0000 I CONTROL  [signalProcessingThread] Shutting down free monitoring
2018-07-18T03:40:59.918+0000 I FTDC     [signalProcessingThread] Shutting down full-time diagnostic data capture
2018-07-18T03:40:59.935+0000 I STORAGE  [signalProcessingThread] WiredTigerKVEngine shutting down
2018-07-18T03:41:00.117+0000 I STORAGE  [signalProcessingThread] shutdown: removing fs lock...
2018-07-18T03:41:00.118+0000 I CONTROL  [signalProcessingThread] now exiting
2018-07-18T03:41:00.118+0000 I CONTROL  [signalProcessingThread] shutting down with code:0
