2018-07-18T03:15:17.914+0000 I CONTROL  [initandlisten] MongoDB starting : pid=1 port=27017 dbpath=mongodb/data/db/shard_db_1 64-bit host=3cba0c0984dc
2018-07-18T03:15:17.918+0000 I CONTROL  [initandlisten] db version v4.0.0
2018-07-18T03:15:17.918+0000 I CONTROL  [initandlisten] git version: 3b07af3d4f471ae89e8186d33bbb1d5259597d51
2018-07-18T03:15:17.919+0000 I CONTROL  [initandlisten] OpenSSL version: OpenSSL 1.0.2g  1 Mar 2016
2018-07-18T03:15:17.919+0000 I CONTROL  [initandlisten] allocator: tcmalloc
2018-07-18T03:15:17.920+0000 I CONTROL  [initandlisten] modules: none
2018-07-18T03:15:17.920+0000 I CONTROL  [initandlisten] build environment:
2018-07-18T03:15:17.921+0000 I CONTROL  [initandlisten]     distmod: ubuntu1604
2018-07-18T03:15:17.921+0000 I CONTROL  [initandlisten]     distarch: x86_64
2018-07-18T03:15:17.922+0000 I CONTROL  [initandlisten]     target_arch: x86_64
2018-07-18T03:15:17.923+0000 I CONTROL  [initandlisten] options: { config: "/mongodb/config/shardConf1.config", net: { bindIp: "127.0.0.1", bindIpAll: true, port: 27017 }, processManagement: { timeZoneInfo: "/usr/share/zoneinfo" }, sharding: { clusterRole: "shardsvr" }, storage: { dbPath: "mongodb/data/db/shard_db_1", journal: { enabled: true } }, systemLog: { destination: "file", logAppend: true, path: "mongodb/data/logs/shard_db_1.log" } }
2018-07-18T03:15:17.924+0000 I STORAGE  [initandlisten] exception in initAndListen: NonExistentPath: Data directory mongodb/data/db/shard_db_1 not found., terminating
2018-07-18T03:15:17.925+0000 I CONTROL  [initandlisten] now exiting
2018-07-18T03:15:17.925+0000 I CONTROL  [initandlisten] shutting down with code:100
2018-07-18T03:19:03.406+0000 I CONTROL  [main] ***** SERVER RESTARTED *****
2018-07-18T03:19:03.478+0000 I CONTROL  [initandlisten] MongoDB starting : pid=1 port=27017 dbpath=mongodb/data/db/shard_db_1 64-bit host=3cba0c0984dc
2018-07-18T03:19:03.479+0000 I CONTROL  [initandlisten] db version v4.0.0
2018-07-18T03:19:03.479+0000 I CONTROL  [initandlisten] git version: 3b07af3d4f471ae89e8186d33bbb1d5259597d51
2018-07-18T03:19:03.480+0000 I CONTROL  [initandlisten] OpenSSL version: OpenSSL 1.0.2g  1 Mar 2016
2018-07-18T03:19:03.480+0000 I CONTROL  [initandlisten] allocator: tcmalloc
2018-07-18T03:19:03.481+0000 I CONTROL  [initandlisten] modules: none
2018-07-18T03:19:03.482+0000 I CONTROL  [initandlisten] build environment:
2018-07-18T03:19:03.482+0000 I CONTROL  [initandlisten]     distmod: ubuntu1604
2018-07-18T03:19:03.483+0000 I CONTROL  [initandlisten]     distarch: x86_64
2018-07-18T03:19:03.483+0000 I CONTROL  [initandlisten]     target_arch: x86_64
2018-07-18T03:19:03.484+0000 I CONTROL  [initandlisten] options: { config: "/mongodb/config/shardConf1.config", net: { bindIp: "127.0.0.1", bindIpAll: true, port: 27017 }, processManagement: { timeZoneInfo: "/usr/share/zoneinfo" }, sharding: { clusterRole: "shardsvr" }, storage: { dbPath: "mongodb/data/db/shard_db_1", journal: { enabled: true } }, systemLog: { destination: "file", logAppend: true, path: "mongodb/data/logs/shard_db_1.log" } }
2018-07-18T03:19:03.490+0000 I STORAGE  [initandlisten] wiredtiger_open config: create,cache_size=487M,session_max=20000,eviction=(threads_min=4,threads_max=4),config_base=false,statistics=(fast),log=(enabled=true,archive=true,path=journal,compressor=snappy),file_manager=(close_idle_time=100000),statistics_log=(wait=0),verbose=(recovery_progress),
2018-07-18T03:19:14.711+0000 I CONTROL  [signalProcessingThread] got signal 15 (Terminated), will terminate after current cmd ends
2018-07-18T03:19:14.717+0000 I NETWORK  [signalProcessingThread] shutdown: going to close listening sockets...
2018-07-18T03:19:14.718+0000 I NETWORK  [signalProcessingThread] removing socket file: /tmp/mongodb-27017.sock
2018-07-18T03:19:14.719+0000 I CONTROL  [signalProcessingThread] now exiting
2018-07-18T03:19:14.720+0000 I CONTROL  [signalProcessingThread] shutting down with code:0
2018-07-18T03:20:00.774+0000 I CONTROL  [main] ***** SERVER RESTARTED *****
2018-07-18T03:20:00.842+0000 I CONTROL  [initandlisten] MongoDB starting : pid=1 port=27017 dbpath=mongodb/data/db/shard_db_1 64-bit host=9ae2abfaadfb
2018-07-18T03:20:00.843+0000 I CONTROL  [initandlisten] db version v4.0.0
2018-07-18T03:20:00.845+0000 I CONTROL  [initandlisten] git version: 3b07af3d4f471ae89e8186d33bbb1d5259597d51
2018-07-18T03:20:00.848+0000 I CONTROL  [initandlisten] OpenSSL version: OpenSSL 1.0.2g  1 Mar 2016
2018-07-18T03:20:00.849+0000 I CONTROL  [initandlisten] allocator: tcmalloc
2018-07-18T03:20:00.849+0000 I CONTROL  [initandlisten] modules: none
2018-07-18T03:20:00.849+0000 I CONTROL  [initandlisten] build environment:
2018-07-18T03:20:00.850+0000 I CONTROL  [initandlisten]     distmod: ubuntu1604
2018-07-18T03:20:00.850+0000 I CONTROL  [initandlisten]     distarch: x86_64
2018-07-18T03:20:00.851+0000 I CONTROL  [initandlisten]     target_arch: x86_64
2018-07-18T03:20:00.851+0000 I CONTROL  [initandlisten] options: { config: "/mongodb/config/shardConf1.config", net: { bindIp: "127.0.0.1", bindIpAll: true, port: 27017 }, processManagement: { timeZoneInfo: "/usr/share/zoneinfo" }, sharding: { clusterRole: "shardsvr" }, storage: { dbPath: "mongodb/data/db/shard_db_1", journal: { enabled: true } }, systemLog: { destination: "file", logAppend: true, path: "mongodb/data/logs/shard_db_1.log" } }
2018-07-18T03:20:00.859+0000 I STORAGE  [initandlisten] wiredtiger_open config: create,cache_size=487M,session_max=20000,eviction=(threads_min=4,threads_max=4),config_base=false,statistics=(fast),log=(enabled=true,archive=true,path=journal,compressor=snappy),file_manager=(close_idle_time=100000),statistics_log=(wait=0),verbose=(recovery_progress),
2018-07-18T03:21:00.155+0000 I CONTROL  [main] ***** SERVER RESTARTED *****
2018-07-18T03:21:00.176+0000 I CONTROL  [initandlisten] MongoDB starting : pid=1 port=27017 dbpath=mongodb/data/db/shard_db_1 64-bit host=ec7b5cb9e27a
2018-07-18T03:21:00.177+0000 I CONTROL  [initandlisten] db version v4.0.0
2018-07-18T03:21:00.178+0000 I CONTROL  [initandlisten] git version: 3b07af3d4f471ae89e8186d33bbb1d5259597d51
2018-07-18T03:21:00.178+0000 I CONTROL  [initandlisten] OpenSSL version: OpenSSL 1.0.2g  1 Mar 2016
2018-07-18T03:21:00.178+0000 I CONTROL  [initandlisten] allocator: tcmalloc
2018-07-18T03:21:00.179+0000 I CONTROL  [initandlisten] modules: none
2018-07-18T03:21:00.181+0000 I CONTROL  [initandlisten] build environment:
2018-07-18T03:21:00.181+0000 I CONTROL  [initandlisten]     distmod: ubuntu1604
2018-07-18T03:21:00.182+0000 I CONTROL  [initandlisten]     distarch: x86_64
2018-07-18T03:21:00.182+0000 I CONTROL  [initandlisten]     target_arch: x86_64
2018-07-18T03:21:00.183+0000 I CONTROL  [initandlisten] options: { config: "/mongodb/config/shardConf1.config", net: { bindIp: "127.0.0.1", bindIpAll: true, port: 27017 }, processManagement: { timeZoneInfo: "/usr/share/zoneinfo" }, sharding: { clusterRole: "shardsvr" }, storage: { dbPath: "mongodb/data/db/shard_db_1", journal: { enabled: true } }, systemLog: { destination: "file", logAppend: true, path: "mongodb/data/logs/shard_db_1.log" } }
2018-07-18T03:21:00.203+0000 I STORAGE  [initandlisten] wiredtiger_open config: create,cache_size=487M,session_max=20000,eviction=(threads_min=4,threads_max=4),config_base=false,statistics=(fast),log=(enabled=true,archive=true,path=journal,compressor=snappy),file_manager=(close_idle_time=100000),statistics_log=(wait=0),verbose=(recovery_progress),
2018-07-18T03:21:14.543+0000 I STORAGE  [initandlisten] WiredTiger message [1531884074:543978][1:0x7f579c1d7a00], txn-recover: Set global recovery timestamp: 0
2018-07-18T03:21:14.559+0000 I RECOVERY [initandlisten] WiredTiger recoveryTimestamp. Ts: Timestamp(0, 0)
2018-07-18T03:21:14.627+0000 I CONTROL  [initandlisten] 
2018-07-18T03:21:14.627+0000 I CONTROL  [initandlisten] ** WARNING: Access control is not enabled for the database.
2018-07-18T03:21:14.628+0000 I CONTROL  [initandlisten] **          Read and write access to data and configuration is unrestricted.
2018-07-18T03:21:14.629+0000 I CONTROL  [initandlisten] 
2018-07-18T03:21:14.634+0000 I STORAGE  [initandlisten] createCollection: admin.system.version with provided UUID: 3904c6cc-ceba-4794-b6c4-ba4107a51865
2018-07-18T03:21:14.667+0000 I COMMAND  [initandlisten] setting featureCompatibilityVersion to 3.6
2018-07-18T03:21:14.677+0000 W SHARDING [initandlisten] Started with --shardsvr, but no shardIdentity document was found on disk in admin.system.version. This most likely means this server has not yet been added to a sharded cluster.
2018-07-18T03:21:14.678+0000 I STORAGE  [initandlisten] createCollection: local.startup_log with generated UUID: db53bf73-6f9a-4bd5-a0a5-900714dd3ff9
2018-07-18T03:21:14.715+0000 I FTDC     [initandlisten] Initializing full-time diagnostic data capture with directory 'mongodb/data/db/shard_db_1/diagnostic.data'
2018-07-18T03:21:14.717+0000 I CONTROL  [LogicalSessionCacheRefresh] Sessions collection is not set up; waiting until next sessions refresh interval: sharding state is not yet initialized
2018-07-18T03:21:14.717+0000 I NETWORK  [initandlisten] waiting for connections on port 27017
2018-07-18T03:21:14.717+0000 I CONTROL  [LogicalSessionCacheReap] Sessions collection is not set up; waiting until next sessions reap interval: sharding state is not yet initialized
2018-07-18T03:26:24.962+0000 I CONTROL  [main] ***** SERVER RESTARTED *****
2018-07-18T03:26:24.986+0000 I CONTROL  [initandlisten] MongoDB starting : pid=1 port=27017 dbpath=mongodb/data/db/shard_db_1 64-bit host=ec7b5cb9e27a
2018-07-18T03:26:24.987+0000 I CONTROL  [initandlisten] db version v4.0.0
2018-07-18T03:26:24.988+0000 I CONTROL  [initandlisten] git version: 3b07af3d4f471ae89e8186d33bbb1d5259597d51
2018-07-18T03:26:24.988+0000 I CONTROL  [initandlisten] OpenSSL version: OpenSSL 1.0.2g  1 Mar 2016
2018-07-18T03:26:24.988+0000 I CONTROL  [initandlisten] allocator: tcmalloc
2018-07-18T03:26:24.989+0000 I CONTROL  [initandlisten] modules: none
2018-07-18T03:26:24.989+0000 I CONTROL  [initandlisten] build environment:
2018-07-18T03:26:24.989+0000 I CONTROL  [initandlisten]     distmod: ubuntu1604
2018-07-18T03:26:24.990+0000 I CONTROL  [initandlisten]     distarch: x86_64
2018-07-18T03:26:24.990+0000 I CONTROL  [initandlisten]     target_arch: x86_64
2018-07-18T03:26:24.991+0000 I CONTROL  [initandlisten] options: { config: "/mongodb/config/shardConf1.config", net: { bindIp: "127.0.0.1", bindIpAll: true, port: 27017 }, processManagement: { timeZoneInfo: "/usr/share/zoneinfo" }, sharding: { clusterRole: "shardsvr" }, storage: { dbPath: "mongodb/data/db/shard_db_1", journal: { enabled: true } }, systemLog: { destination: "file", logAppend: true, path: "mongodb/data/logs/shard_db_1.log" } }
2018-07-18T03:26:24.996+0000 W STORAGE  [initandlisten] Detected unclean shutdown - mongodb/data/db/shard_db_1/mongod.lock is not empty.
2018-07-18T03:26:25.000+0000 I STORAGE  [initandlisten] Detected data files in mongodb/data/db/shard_db_1 created by the 'wiredTiger' storage engine, so setting the active storage engine to 'wiredTiger'.
2018-07-18T03:26:25.003+0000 W STORAGE  [initandlisten] Recovering data from the last clean checkpoint.
2018-07-18T03:26:25.005+0000 I STORAGE  [initandlisten] wiredtiger_open config: create,cache_size=487M,session_max=20000,eviction=(threads_min=4,threads_max=4),config_base=false,statistics=(fast),log=(enabled=true,archive=true,path=journal,compressor=snappy),file_manager=(close_idle_time=100000),statistics_log=(wait=0),verbose=(recovery_progress),
2018-07-18T03:26:44.136+0000 I STORAGE  [initandlisten] WiredTiger message [1531884404:136477][1:0x7fa3051a2a00], txn-recover: Main recovery loop: starting at 1/0
2018-07-18T03:26:44.176+0000 I STORAGE  [initandlisten] WiredTiger message [1531884404:176403][1:0x7fa3051a2a00], txn-recover: Recovering log 1 through 2
2018-07-18T03:26:45.776+0000 I STORAGE  [initandlisten] WiredTiger message [1531884405:776455][1:0x7fa3051a2a00], file:index-3-495908113465024007.wt, txn-recover: Recovering log 2 through 2
2018-07-18T03:26:46.037+0000 I STORAGE  [initandlisten] WiredTiger message [1531884406:37847][1:0x7fa3051a2a00], file:index-3-495908113465024007.wt, txn-recover: Set global recovery timestamp: 0
2018-07-18T03:26:46.268+0000 I RECOVERY [initandlisten] WiredTiger recoveryTimestamp. Ts: Timestamp(0, 0)
2018-07-18T03:26:46.437+0000 I CONTROL  [initandlisten] 
2018-07-18T03:26:46.439+0000 I CONTROL  [initandlisten] ** WARNING: Access control is not enabled for the database.
2018-07-18T03:26:46.440+0000 I CONTROL  [initandlisten] **          Read and write access to data and configuration is unrestricted.
2018-07-18T03:26:46.442+0000 I CONTROL  [initandlisten] 
2018-07-18T03:26:46.536+0000 W SHARDING [initandlisten] Started with --shardsvr, but no shardIdentity document was found on disk in admin.system.version. This most likely means this server has not yet been added to a sharded cluster.
2018-07-18T03:26:46.565+0000 I FTDC     [initandlisten] Initializing full-time diagnostic data capture with directory 'mongodb/data/db/shard_db_1/diagnostic.data'
2018-07-18T03:26:46.574+0000 I NETWORK  [initandlisten] waiting for connections on port 27017
2018-07-18T03:26:46.574+0000 I CONTROL  [LogicalSessionCacheReap] Sessions collection is not set up; waiting until next sessions reap interval: sharding state is not yet initialized
2018-07-18T03:26:46.574+0000 I CONTROL  [LogicalSessionCacheRefresh] Sessions collection is not set up; waiting until next sessions refresh interval: sharding state is not yet initialized
2018-07-18T03:26:47.039+0000 I FTDC     [ftdc] Unclean full-time diagnostic data capture shutdown detected, found interim file, some metrics may have been lost. OK
2018-07-18T03:26:57.703+0000 I CONTROL  [signalProcessingThread] got signal 15 (Terminated), will terminate after current cmd ends
2018-07-18T03:26:57.705+0000 I NETWORK  [signalProcessingThread] shutdown: going to close listening sockets...
2018-07-18T03:26:57.708+0000 I NETWORK  [signalProcessingThread] removing socket file: /tmp/mongodb-27017.sock
2018-07-18T03:26:57.710+0000 I CONTROL  [signalProcessingThread] Shutting down free monitoring
2018-07-18T03:26:57.711+0000 I FTDC     [signalProcessingThread] Shutting down full-time diagnostic data capture
2018-07-18T03:26:57.726+0000 I STORAGE  [signalProcessingThread] WiredTigerKVEngine shutting down
2018-07-18T03:26:57.855+0000 I STORAGE  [signalProcessingThread] Downgrading WiredTiger datafiles.
2018-07-18T03:31:57.255+0000 I CONTROL  [main] ***** SERVER RESTARTED *****
2018-07-18T03:31:57.378+0000 I CONTROL  [initandlisten] MongoDB starting : pid=1 port=27017 dbpath=mongodb/data/db/shard_db_1 64-bit host=77075d1a12d1
2018-07-18T03:31:57.378+0000 I CONTROL  [initandlisten] db version v4.0.0
2018-07-18T03:31:57.378+0000 I CONTROL  [initandlisten] git version: 3b07af3d4f471ae89e8186d33bbb1d5259597d51
2018-07-18T03:31:57.379+0000 I CONTROL  [initandlisten] OpenSSL version: OpenSSL 1.0.2g  1 Mar 2016
2018-07-18T03:31:57.379+0000 I CONTROL  [initandlisten] allocator: tcmalloc
2018-07-18T03:31:57.379+0000 I CONTROL  [initandlisten] modules: none
2018-07-18T03:31:57.379+0000 I CONTROL  [initandlisten] build environment:
2018-07-18T03:31:57.380+0000 I CONTROL  [initandlisten]     distmod: ubuntu1604
2018-07-18T03:31:57.380+0000 I CONTROL  [initandlisten]     distarch: x86_64
2018-07-18T03:31:57.380+0000 I CONTROL  [initandlisten]     target_arch: x86_64
2018-07-18T03:31:57.381+0000 I CONTROL  [initandlisten] options: { config: "/mongodb/config/shardConf1.config", net: { bindIp: "127.0.0.1", bindIpAll: true, port: 27017 }, processManagement: { timeZoneInfo: "/usr/share/zoneinfo" }, sharding: { clusterRole: "shardsvr" }, storage: { dbPath: "mongodb/data/db/shard_db_1", journal: { enabled: true } }, systemLog: { destination: "file", logAppend: true, path: "mongodb/data/logs/shard_db_1.log" } }
2018-07-18T03:31:57.383+0000 W STORAGE  [initandlisten] Detected unclean shutdown - mongodb/data/db/shard_db_1/mongod.lock is not empty.
2018-07-18T03:31:57.387+0000 I STORAGE  [initandlisten] Detected data files in mongodb/data/db/shard_db_1 created by the 'wiredTiger' storage engine, so setting the active storage engine to 'wiredTiger'.
2018-07-18T03:31:57.391+0000 W STORAGE  [initandlisten] Recovering data from the last clean checkpoint.
2018-07-18T03:31:57.393+0000 I STORAGE  [initandlisten] wiredtiger_open config: create,cache_size=487M,session_max=20000,eviction=(threads_min=4,threads_max=4),config_base=false,statistics=(fast),log=(enabled=true,archive=true,path=journal,compressor=snappy),file_manager=(close_idle_time=100000),statistics_log=(wait=0),verbose=(recovery_progress),
2018-07-18T03:32:13.624+0000 I STORAGE  [initandlisten] WiredTiger message [1531884733:624747][1:0x7f93389e6a00], txn-recover: Main recovery loop: starting at 2/5632
2018-07-18T03:32:14.445+0000 I STORAGE  [initandlisten] WiredTiger message [1531884734:445642][1:0x7f93389e6a00], txn-recover: Recovering log 2 through 3
2018-07-18T03:32:15.095+0000 I STORAGE  [initandlisten] WiredTiger message [1531884735:95423][1:0x7f93389e6a00], txn-recover: Recovering log 3 through 3
2018-07-18T03:32:15.272+0000 I STORAGE  [initandlisten] WiredTiger message [1531884735:272483][1:0x7f93389e6a00], txn-recover: Set global recovery timestamp: 0
2018-07-18T03:32:15.335+0000 I RECOVERY [initandlisten] WiredTiger recoveryTimestamp. Ts: Timestamp(0, 0)
2018-07-18T03:32:15.408+0000 I CONTROL  [initandlisten] 
2018-07-18T03:32:15.409+0000 I CONTROL  [initandlisten] ** WARNING: Access control is not enabled for the database.
2018-07-18T03:32:15.409+0000 I CONTROL  [initandlisten] **          Read and write access to data and configuration is unrestricted.
2018-07-18T03:32:15.411+0000 I CONTROL  [initandlisten] 
2018-07-18T03:32:15.455+0000 W SHARDING [initandlisten] Started with --shardsvr, but no shardIdentity document was found on disk in admin.system.version. This most likely means this server has not yet been added to a sharded cluster.
2018-07-18T03:32:15.472+0000 I FTDC     [initandlisten] Initializing full-time diagnostic data capture with directory 'mongodb/data/db/shard_db_1/diagnostic.data'
2018-07-18T03:32:15.476+0000 I NETWORK  [initandlisten] waiting for connections on port 27017
2018-07-18T03:32:15.477+0000 I CONTROL  [LogicalSessionCacheReap] Sessions collection is not set up; waiting until next sessions reap interval: sharding state is not yet initialized
2018-07-18T03:32:15.477+0000 I CONTROL  [LogicalSessionCacheRefresh] Sessions collection is not set up; waiting until next sessions refresh interval: sharding state is not yet initialized
2018-07-18T03:33:57.892+0000 I CONTROL  [signalProcessingThread] got signal 15 (Terminated), will terminate after current cmd ends
2018-07-18T03:33:57.893+0000 I NETWORK  [signalProcessingThread] shutdown: going to close listening sockets...
2018-07-18T03:33:57.895+0000 I NETWORK  [signalProcessingThread] removing socket file: /tmp/mongodb-27017.sock
2018-07-18T03:33:57.897+0000 I CONTROL  [signalProcessingThread] Shutting down free monitoring
2018-07-18T03:33:57.899+0000 I FTDC     [signalProcessingThread] Shutting down full-time diagnostic data capture
2018-07-18T03:33:57.906+0000 I STORAGE  [signalProcessingThread] WiredTigerKVEngine shutting down
2018-07-18T03:33:57.962+0000 I STORAGE  [signalProcessingThread] Downgrading WiredTiger datafiles.
2018-07-18T03:35:25.161+0000 I CONTROL  [main] ***** SERVER RESTARTED *****
2018-07-18T03:35:25.241+0000 I CONTROL  [initandlisten] MongoDB starting : pid=1 port=27017 dbpath=mongodb/data/db/shard_db_1 64-bit host=67c2d54b5de1
2018-07-18T03:35:25.247+0000 I CONTROL  [initandlisten] db version v4.0.0
2018-07-18T03:35:25.247+0000 I CONTROL  [initandlisten] git version: 3b07af3d4f471ae89e8186d33bbb1d5259597d51
2018-07-18T03:35:25.247+0000 I CONTROL  [initandlisten] OpenSSL version: OpenSSL 1.0.2g  1 Mar 2016
2018-07-18T03:35:25.248+0000 I CONTROL  [initandlisten] allocator: tcmalloc
2018-07-18T03:35:25.248+0000 I CONTROL  [initandlisten] modules: none
2018-07-18T03:35:25.249+0000 I CONTROL  [initandlisten] build environment:
2018-07-18T03:35:25.249+0000 I CONTROL  [initandlisten]     distmod: ubuntu1604
2018-07-18T03:35:25.249+0000 I CONTROL  [initandlisten]     distarch: x86_64
2018-07-18T03:35:25.250+0000 I CONTROL  [initandlisten]     target_arch: x86_64
2018-07-18T03:35:25.250+0000 I CONTROL  [initandlisten] options: { config: "/mongodb/config/shardConf1.config", net: { bindIp: "127.0.0.1", bindIpAll: true, port: 27017 }, processManagement: { timeZoneInfo: "/usr/share/zoneinfo" }, sharding: { clusterRole: "shardsvr" }, storage: { dbPath: "mongodb/data/db/shard_db_1", journal: { enabled: true } }, systemLog: { destination: "file", logAppend: true, path: "mongodb/data/logs/shard_db_1.log" } }
2018-07-18T03:35:25.254+0000 W STORAGE  [initandlisten] Detected unclean shutdown - mongodb/data/db/shard_db_1/mongod.lock is not empty.
2018-07-18T03:35:25.281+0000 I STORAGE  [initandlisten] Detected data files in mongodb/data/db/shard_db_1 created by the 'wiredTiger' storage engine, so setting the active storage engine to 'wiredTiger'.
2018-07-18T03:35:25.285+0000 W STORAGE  [initandlisten] Recovering data from the last clean checkpoint.
2018-07-18T03:35:25.287+0000 I STORAGE  [initandlisten] wiredtiger_open config: create,cache_size=487M,session_max=20000,eviction=(threads_min=4,threads_max=4),config_base=false,statistics=(fast),log=(enabled=true,archive=true,path=journal,compressor=snappy),file_manager=(close_idle_time=100000),statistics_log=(wait=0),verbose=(recovery_progress),
2018-07-18T03:35:48.395+0000 I STORAGE  [initandlisten] WiredTiger message [1531884948:395324][1:0x7fbc483bea00], txn-recover: Main recovery loop: starting at 3/6784
2018-07-18T03:35:50.689+0000 I STORAGE  [initandlisten] WiredTiger message [1531884950:689398][1:0x7fbc483bea00], txn-recover: Recovering log 3 through 4
2018-07-18T03:35:52.113+0000 I STORAGE  [initandlisten] WiredTiger message [1531884952:113693][1:0x7fbc483bea00], txn-recover: Recovering log 4 through 4
2018-07-18T03:35:52.250+0000 I STORAGE  [initandlisten] WiredTiger message [1531884952:250265][1:0x7fbc483bea00], txn-recover: Set global recovery timestamp: 0
2018-07-18T03:35:52.307+0000 I RECOVERY [initandlisten] WiredTiger recoveryTimestamp. Ts: Timestamp(0, 0)
2018-07-18T03:35:52.379+0000 I CONTROL  [initandlisten] 
2018-07-18T03:35:52.380+0000 I CONTROL  [initandlisten] ** WARNING: Access control is not enabled for the database.
2018-07-18T03:35:52.381+0000 I CONTROL  [initandlisten] **          Read and write access to data and configuration is unrestricted.
2018-07-18T03:35:52.383+0000 I CONTROL  [initandlisten] 
2018-07-18T03:35:52.429+0000 W SHARDING [initandlisten] Started with --shardsvr, but no shardIdentity document was found on disk in admin.system.version. This most likely means this server has not yet been added to a sharded cluster.
2018-07-18T03:35:52.438+0000 I FTDC     [initandlisten] Initializing full-time diagnostic data capture with directory 'mongodb/data/db/shard_db_1/diagnostic.data'
2018-07-18T03:35:52.442+0000 I CONTROL  [LogicalSessionCacheRefresh] Sessions collection is not set up; waiting until next sessions refresh interval: sharding state is not yet initialized
2018-07-18T03:35:52.443+0000 I NETWORK  [initandlisten] waiting for connections on port 27017
2018-07-18T03:35:52.443+0000 I CONTROL  [LogicalSessionCacheReap] Sessions collection is not set up; waiting until next sessions reap interval: sharding state is not yet initialized
2018-07-18T03:36:09.401+0000 I CONTROL  [signalProcessingThread] got signal 15 (Terminated), will terminate after current cmd ends
2018-07-18T03:36:09.403+0000 I NETWORK  [signalProcessingThread] shutdown: going to close listening sockets...
2018-07-18T03:36:09.404+0000 I NETWORK  [signalProcessingThread] removing socket file: /tmp/mongodb-27017.sock
2018-07-18T03:36:09.408+0000 I CONTROL  [signalProcessingThread] Shutting down free monitoring
2018-07-18T03:36:09.410+0000 I FTDC     [signalProcessingThread] Shutting down full-time diagnostic data capture
2018-07-18T03:36:09.429+0000 I STORAGE  [signalProcessingThread] WiredTigerKVEngine shutting down
2018-07-18T03:36:09.505+0000 I STORAGE  [signalProcessingThread] Downgrading WiredTiger datafiles.
2018-07-18T03:36:24.592+0000 I CONTROL  [main] ***** SERVER RESTARTED *****
2018-07-18T03:36:24.632+0000 I CONTROL  [initandlisten] MongoDB starting : pid=1 port=27017 dbpath=mongodb/data/db/shard_db_1 64-bit host=bd9d8ca5dd2c
2018-07-18T03:36:24.632+0000 I CONTROL  [initandlisten] db version v4.0.0
2018-07-18T03:36:24.633+0000 I CONTROL  [initandlisten] git version: 3b07af3d4f471ae89e8186d33bbb1d5259597d51
2018-07-18T03:36:24.633+0000 I CONTROL  [initandlisten] OpenSSL version: OpenSSL 1.0.2g  1 Mar 2016
2018-07-18T03:36:24.633+0000 I CONTROL  [initandlisten] allocator: tcmalloc
2018-07-18T03:36:24.634+0000 I CONTROL  [initandlisten] modules: none
2018-07-18T03:36:24.634+0000 I CONTROL  [initandlisten] build environment:
2018-07-18T03:36:24.634+0000 I CONTROL  [initandlisten]     distmod: ubuntu1604
2018-07-18T03:36:24.635+0000 I CONTROL  [initandlisten]     distarch: x86_64
2018-07-18T03:36:24.635+0000 I CONTROL  [initandlisten]     target_arch: x86_64
2018-07-18T03:36:24.635+0000 I CONTROL  [initandlisten] options: { config: "/mongodb/config/shardConf1.config", net: { bindIp: "127.0.0.1", bindIpAll: true, port: 27017 }, processManagement: { timeZoneInfo: "/usr/share/zoneinfo" }, sharding: { clusterRole: "shardsvr" }, storage: { dbPath: "mongodb/data/db/shard_db_1", journal: { enabled: true } }, systemLog: { destination: "file", logAppend: true, path: "mongodb/data/logs/shard_db_1.log" } }
2018-07-18T03:36:24.638+0000 W STORAGE  [initandlisten] Detected unclean shutdown - mongodb/data/db/shard_db_1/mongod.lock is not empty.
2018-07-18T03:36:24.642+0000 I STORAGE  [initandlisten] Detected data files in mongodb/data/db/shard_db_1 created by the 'wiredTiger' storage engine, so setting the active storage engine to 'wiredTiger'.
2018-07-18T03:36:24.645+0000 W STORAGE  [initandlisten] Recovering data from the last clean checkpoint.
2018-07-18T03:36:24.647+0000 I STORAGE  [initandlisten] wiredtiger_open config: create,cache_size=487M,session_max=20000,eviction=(threads_min=4,threads_max=4),config_base=false,statistics=(fast),log=(enabled=true,archive=true,path=journal,compressor=snappy),file_manager=(close_idle_time=100000),statistics_log=(wait=0),verbose=(recovery_progress),
2018-07-18T03:36:49.186+0000 I STORAGE  [initandlisten] WiredTiger message [1531885009:186502][1:0x7f855c9f5a00], txn-recover: Main recovery loop: starting at 4/5632
2018-07-18T03:36:51.052+0000 I STORAGE  [initandlisten] WiredTiger message [1531885011:52366][1:0x7f855c9f5a00], txn-recover: Recovering log 4 through 5
2018-07-18T03:36:52.234+0000 I STORAGE  [initandlisten] WiredTiger message [1531885012:234880][1:0x7f855c9f5a00], txn-recover: Recovering log 5 through 5
2018-07-18T03:36:52.415+0000 I STORAGE  [initandlisten] WiredTiger message [1531885012:415209][1:0x7f855c9f5a00], txn-recover: Set global recovery timestamp: 0
2018-07-18T03:36:52.477+0000 I RECOVERY [initandlisten] WiredTiger recoveryTimestamp. Ts: Timestamp(0, 0)
2018-07-18T03:36:52.552+0000 I CONTROL  [initandlisten] 
2018-07-18T03:36:52.553+0000 I CONTROL  [initandlisten] ** WARNING: Access control is not enabled for the database.
2018-07-18T03:36:52.554+0000 I CONTROL  [initandlisten] **          Read and write access to data and configuration is unrestricted.
2018-07-18T03:36:52.555+0000 I CONTROL  [initandlisten] 
2018-07-18T03:36:52.593+0000 W SHARDING [initandlisten] Started with --shardsvr, but no shardIdentity document was found on disk in admin.system.version. This most likely means this server has not yet been added to a sharded cluster.
2018-07-18T03:36:52.604+0000 I FTDC     [initandlisten] Initializing full-time diagnostic data capture with directory 'mongodb/data/db/shard_db_1/diagnostic.data'
2018-07-18T03:36:52.608+0000 I NETWORK  [initandlisten] waiting for connections on port 27017
2018-07-18T03:36:52.609+0000 I CONTROL  [LogicalSessionCacheRefresh] Sessions collection is not set up; waiting until next sessions refresh interval: sharding state is not yet initialized
2018-07-18T03:36:52.609+0000 I CONTROL  [LogicalSessionCacheReap] Sessions collection is not set up; waiting until next sessions reap interval: sharding state is not yet initialized
2018-07-18T03:41:52.609+0000 I CONTROL  [LogicalSessionCacheReap] Sessions collection is not set up; waiting until next sessions reap interval: sharding state is not yet initialized
2018-07-18T03:41:52.609+0000 I CONTROL  [LogicalSessionCacheRefresh] Sessions collection is not set up; waiting until next sessions refresh interval: sharding state is not yet initialized
2018-07-18T03:46:52.609+0000 I CONTROL  [LogicalSessionCacheRefresh] Sessions collection is not set up; waiting until next sessions refresh interval: sharding state is not yet initialized
2018-07-18T03:46:52.609+0000 I CONTROL  [LogicalSessionCacheReap] Sessions collection is not set up; waiting until next sessions reap interval: sharding state is not yet initialized
2018-07-18T03:51:52.609+0000 I CONTROL  [LogicalSessionCacheReap] Sessions collection is not set up; waiting until next sessions reap interval: sharding state is not yet initialized
2018-07-18T03:51:52.609+0000 I CONTROL  [LogicalSessionCacheRefresh] Sessions collection is not set up; waiting until next sessions refresh interval: sharding state is not yet initialized
2018-07-18T03:56:52.619+0000 I CONTROL  [LogicalSessionCacheRefresh] Sessions collection is not set up; waiting until next sessions refresh interval: sharding state is not yet initialized
2018-07-18T03:56:52.619+0000 I CONTROL  [LogicalSessionCacheReap] Sessions collection is not set up; waiting until next sessions reap interval: sharding state is not yet initialized
2018-07-18T04:01:52.624+0000 I CONTROL  [LogicalSessionCacheRefresh] Sessions collection is not set up; waiting until next sessions refresh interval: sharding state is not yet initialized
2018-07-18T04:01:52.624+0000 I CONTROL  [LogicalSessionCacheReap] Sessions collection is not set up; waiting until next sessions reap interval: sharding state is not yet initialized
2018-07-18T04:05:17.663+0000 I CONTROL  [signalProcessingThread] got signal 15 (Terminated), will terminate after current cmd ends
2018-07-18T04:05:17.668+0000 I NETWORK  [signalProcessingThread] shutdown: going to close listening sockets...
2018-07-18T04:05:17.669+0000 I NETWORK  [signalProcessingThread] removing socket file: /tmp/mongodb-27017.sock
2018-07-18T04:05:17.673+0000 I CONTROL  [signalProcessingThread] Shutting down free monitoring
2018-07-18T04:05:17.673+0000 I FTDC     [signalProcessingThread] Shutting down full-time diagnostic data capture
2018-07-18T04:05:17.679+0000 I STORAGE  [signalProcessingThread] WiredTigerKVEngine shutting down
2018-07-18T04:05:17.717+0000 I STORAGE  [signalProcessingThread] Downgrading WiredTiger datafiles.
2018-07-18T04:05:50.165+0000 I CONTROL  [main] ***** SERVER RESTARTED *****
2018-07-18T04:05:50.187+0000 I CONTROL  [initandlisten] MongoDB starting : pid=1 port=27017 dbpath=mongodb/data/db/shard_db_1 64-bit host=283232f7d6c2
2018-07-18T04:05:50.188+0000 I CONTROL  [initandlisten] db version v4.0.0
2018-07-18T04:05:50.189+0000 I CONTROL  [initandlisten] git version: 3b07af3d4f471ae89e8186d33bbb1d5259597d51
2018-07-18T04:05:50.189+0000 I CONTROL  [initandlisten] OpenSSL version: OpenSSL 1.0.2g  1 Mar 2016
2018-07-18T04:05:50.193+0000 I CONTROL  [initandlisten] allocator: tcmalloc
2018-07-18T04:05:50.193+0000 I CONTROL  [initandlisten] modules: none
2018-07-18T04:05:50.202+0000 I CONTROL  [initandlisten] build environment:
2018-07-18T04:05:50.205+0000 I CONTROL  [initandlisten]     distmod: ubuntu1604
2018-07-18T04:05:50.213+0000 I CONTROL  [initandlisten]     distarch: x86_64
2018-07-18T04:05:50.223+0000 I CONTROL  [initandlisten]     target_arch: x86_64
2018-07-18T04:05:50.224+0000 I CONTROL  [initandlisten] options: { config: "/mongodb/config/shardConf1.config", net: { bindIp: "127.0.0.1", bindIpAll: true, port: 27017 }, processManagement: { timeZoneInfo: "/usr/share/zoneinfo" }, sharding: { clusterRole: "shardsvr" }, storage: { dbPath: "mongodb/data/db/shard_db_1", journal: { enabled: true } }, systemLog: { destination: "file", logAppend: true, path: "mongodb/data/logs/shard_db_1.log" } }
2018-07-18T04:05:50.230+0000 W STORAGE  [initandlisten] Detected unclean shutdown - mongodb/data/db/shard_db_1/mongod.lock is not empty.
2018-07-18T04:05:50.237+0000 I STORAGE  [initandlisten] Detected data files in mongodb/data/db/shard_db_1 created by the 'wiredTiger' storage engine, so setting the active storage engine to 'wiredTiger'.
2018-07-18T04:05:50.242+0000 W STORAGE  [initandlisten] Recovering data from the last clean checkpoint.
2018-07-18T04:05:50.248+0000 I STORAGE  [initandlisten] wiredtiger_open config: create,cache_size=487M,session_max=20000,eviction=(threads_min=4,threads_max=4),config_base=false,statistics=(fast),log=(enabled=true,archive=true,path=journal,compressor=snappy),file_manager=(close_idle_time=100000),statistics_log=(wait=0),verbose=(recovery_progress),
2018-07-18T04:06:09.513+0000 I STORAGE  [initandlisten] WiredTiger message [1531886769:513129][1:0x7f9c65443a00], txn-recover: Main recovery loop: starting at 5/10752
2018-07-18T04:06:12.330+0000 I STORAGE  [initandlisten] WiredTiger message [1531886772:330317][1:0x7f9c65443a00], txn-recover: Recovering log 5 through 7
2018-07-18T04:06:13.598+0000 I STORAGE  [initandlisten] WiredTiger message [1531886773:598029][1:0x7f9c65443a00], txn-recover: Recovering log 6 through 7
2018-07-18T04:06:14.655+0000 I STORAGE  [initandlisten] WiredTiger message [1531886774:655672][1:0x7f9c65443a00], txn-recover: Recovering log 7 through 7
2018-07-18T04:06:14.849+0000 I STORAGE  [initandlisten] WiredTiger message [1531886774:849413][1:0x7f9c65443a00], txn-recover: Set global recovery timestamp: 0
2018-07-18T04:06:14.919+0000 I RECOVERY [initandlisten] WiredTiger recoveryTimestamp. Ts: Timestamp(0, 0)
2018-07-18T04:06:15.004+0000 I CONTROL  [initandlisten] 
2018-07-18T04:06:15.006+0000 I CONTROL  [initandlisten] ** WARNING: Access control is not enabled for the database.
2018-07-18T04:06:15.007+0000 I CONTROL  [initandlisten] **          Read and write access to data and configuration is unrestricted.
2018-07-18T04:06:15.008+0000 I CONTROL  [initandlisten] 
2018-07-18T04:06:15.070+0000 W SHARDING [initandlisten] Started with --shardsvr, but no shardIdentity document was found on disk in admin.system.version. This most likely means this server has not yet been added to a sharded cluster.
2018-07-18T04:06:15.080+0000 I FTDC     [initandlisten] Initializing full-time diagnostic data capture with directory 'mongodb/data/db/shard_db_1/diagnostic.data'
2018-07-18T04:06:15.084+0000 I NETWORK  [initandlisten] waiting for connections on port 27017
2018-07-18T04:06:15.084+0000 I CONTROL  [LogicalSessionCacheReap] Sessions collection is not set up; waiting until next sessions reap interval: sharding state is not yet initialized
2018-07-18T04:06:15.085+0000 I CONTROL  [LogicalSessionCacheRefresh] Sessions collection is not set up; waiting until next sessions refresh interval: sharding state is not yet initialized
2018-07-18T04:06:40.545+0000 I CONTROL  [signalProcessingThread] got signal 15 (Terminated), will terminate after current cmd ends
2018-07-18T04:06:40.549+0000 I NETWORK  [signalProcessingThread] shutdown: going to close listening sockets...
2018-07-18T04:06:40.550+0000 I NETWORK  [signalProcessingThread] removing socket file: /tmp/mongodb-27017.sock
2018-07-18T04:06:40.551+0000 I CONTROL  [signalProcessingThread] Shutting down free monitoring
2018-07-18T04:06:40.552+0000 I FTDC     [signalProcessingThread] Shutting down full-time diagnostic data capture
2018-07-18T04:06:40.559+0000 I STORAGE  [signalProcessingThread] WiredTigerKVEngine shutting down
2018-07-18T04:06:40.580+0000 I STORAGE  [signalProcessingThread] Downgrading WiredTiger datafiles.
2018-07-18T04:06:49.688+0000 I STORAGE  [signalProcessingThread] WiredTiger message [1531886809:688424][1:0x7f9c5f3c3700], txn-recover: Main recovery loop: starting at 7/5632
2018-07-18T04:10:21.504+0000 I CONTROL  [main] ***** SERVER RESTARTED *****
2018-07-18T04:10:21.564+0000 I CONTROL  [initandlisten] MongoDB starting : pid=1 port=27017 dbpath=mongodb/data/db/shard_db_1 64-bit host=fa0b6a677094
2018-07-18T04:10:21.568+0000 I CONTROL  [initandlisten] db version v4.0.0
2018-07-18T04:10:21.577+0000 I CONTROL  [initandlisten] git version: 3b07af3d4f471ae89e8186d33bbb1d5259597d51
2018-07-18T04:10:21.577+0000 I CONTROL  [initandlisten] OpenSSL version: OpenSSL 1.0.2g  1 Mar 2016
2018-07-18T04:10:21.578+0000 I CONTROL  [initandlisten] allocator: tcmalloc
2018-07-18T04:10:21.578+0000 I CONTROL  [initandlisten] modules: none
2018-07-18T04:10:21.579+0000 I CONTROL  [initandlisten] build environment:
2018-07-18T04:10:21.579+0000 I CONTROL  [initandlisten]     distmod: ubuntu1604
2018-07-18T04:10:21.580+0000 I CONTROL  [initandlisten]     distarch: x86_64
2018-07-18T04:10:21.580+0000 I CONTROL  [initandlisten]     target_arch: x86_64
2018-07-18T04:10:21.580+0000 I CONTROL  [initandlisten] options: { config: "/mongodb/config/shardConf1.config", net: { bindIp: "127.0.0.1", bindIpAll: true, port: 27017 }, processManagement: { timeZoneInfo: "/usr/share/zoneinfo" }, sharding: { clusterRole: "shardsvr" }, storage: { dbPath: "mongodb/data/db/shard_db_1", journal: { enabled: true } }, systemLog: { destination: "file", logAppend: true, path: "mongodb/data/logs/shard_db_1.log" } }
2018-07-18T04:10:21.584+0000 W STORAGE  [initandlisten] Detected unclean shutdown - mongodb/data/db/shard_db_1/mongod.lock is not empty.
2018-07-18T04:10:21.589+0000 I STORAGE  [initandlisten] Detected data files in mongodb/data/db/shard_db_1 created by the 'wiredTiger' storage engine, so setting the active storage engine to 'wiredTiger'.
2018-07-18T04:10:21.592+0000 W STORAGE  [initandlisten] Recovering data from the last clean checkpoint.
2018-07-18T04:10:21.593+0000 I STORAGE  [initandlisten] wiredtiger_open config: create,cache_size=487M,session_max=20000,eviction=(threads_min=4,threads_max=4),config_base=false,statistics=(fast),log=(enabled=true,archive=true,path=journal,compressor=snappy),file_manager=(close_idle_time=100000),statistics_log=(wait=0),verbose=(recovery_progress),
2018-07-18T04:10:42.767+0000 I STORAGE  [initandlisten] WiredTiger message [1531887042:767278][1:0x7f8cd58f6a00], txn-recover: Main recovery loop: starting at 7/5632
2018-07-18T04:10:45.424+0000 I STORAGE  [initandlisten] WiredTiger message [1531887045:424116][1:0x7f8cd58f6a00], txn-recover: Recovering log 7 through 9
2018-07-18T04:10:46.289+0000 I STORAGE  [initandlisten] WiredTiger message [1531887046:289492][1:0x7f8cd58f6a00], txn-recover: Recovering log 8 through 9
2018-07-18T04:10:47.107+0000 I STORAGE  [initandlisten] WiredTiger message [1531887047:106985][1:0x7f8cd58f6a00], txn-recover: Recovering log 9 through 9
2018-07-18T04:10:47.252+0000 I STORAGE  [initandlisten] WiredTiger message [1531887047:252121][1:0x7f8cd58f6a00], txn-recover: Set global recovery timestamp: 0
2018-07-18T04:10:47.285+0000 I RECOVERY [initandlisten] WiredTiger recoveryTimestamp. Ts: Timestamp(0, 0)
2018-07-18T04:10:47.332+0000 I CONTROL  [initandlisten] 
2018-07-18T04:10:47.332+0000 I CONTROL  [initandlisten] ** WARNING: Access control is not enabled for the database.
2018-07-18T04:10:47.332+0000 I CONTROL  [initandlisten] **          Read and write access to data and configuration is unrestricted.
2018-07-18T04:10:47.333+0000 I CONTROL  [initandlisten] 
2018-07-18T04:10:47.362+0000 W SHARDING [initandlisten] Started with --shardsvr, but no shardIdentity document was found on disk in admin.system.version. This most likely means this server has not yet been added to a sharded cluster.
2018-07-18T04:10:47.369+0000 I FTDC     [initandlisten] Initializing full-time diagnostic data capture with directory 'mongodb/data/db/shard_db_1/diagnostic.data'
2018-07-18T04:10:47.374+0000 I NETWORK  [initandlisten] waiting for connections on port 27017
2018-07-18T04:10:47.374+0000 I CONTROL  [LogicalSessionCacheRefresh] Sessions collection is not set up; waiting until next sessions refresh interval: sharding state is not yet initialized
2018-07-18T04:10:47.375+0000 I CONTROL  [LogicalSessionCacheReap] Sessions collection is not set up; waiting until next sessions reap interval: sharding state is not yet initialized
2018-07-18T04:15:47.376+0000 I CONTROL  [LogicalSessionCacheReap] Sessions collection is not set up; waiting until next sessions reap interval: sharding state is not yet initialized
2018-07-18T04:15:47.376+0000 I CONTROL  [LogicalSessionCacheRefresh] Sessions collection is not set up; waiting until next sessions refresh interval: sharding state is not yet initialized
2018-07-18T04:18:52.937+0000 I CONTROL  [signalProcessingThread] got signal 15 (Terminated), will terminate after current cmd ends
2018-07-18T04:18:52.940+0000 I NETWORK  [signalProcessingThread] shutdown: going to close listening sockets...
2018-07-18T04:18:52.941+0000 I NETWORK  [signalProcessingThread] removing socket file: /tmp/mongodb-27017.sock
2018-07-18T04:18:52.941+0000 I CONTROL  [signalProcessingThread] Shutting down free monitoring
2018-07-18T04:18:52.943+0000 I FTDC     [signalProcessingThread] Shutting down full-time diagnostic data capture
2018-07-18T04:18:52.956+0000 I STORAGE  [signalProcessingThread] WiredTigerKVEngine shutting down
2018-07-18T04:18:53.059+0000 I STORAGE  [signalProcessingThread] Downgrading WiredTiger datafiles.
2018-07-18T04:19:09.148+0000 I CONTROL  [main] ***** SERVER RESTARTED *****
2018-07-18T04:19:09.205+0000 I CONTROL  [initandlisten] MongoDB starting : pid=1 port=27017 dbpath=mongodb/data/db/shard_db_1 64-bit host=42a0d1a581e6
2018-07-18T04:19:09.211+0000 I CONTROL  [initandlisten] db version v4.0.0
2018-07-18T04:19:09.211+0000 I CONTROL  [initandlisten] git version: 3b07af3d4f471ae89e8186d33bbb1d5259597d51
2018-07-18T04:19:09.212+0000 I CONTROL  [initandlisten] OpenSSL version: OpenSSL 1.0.2g  1 Mar 2016
2018-07-18T04:19:09.213+0000 I CONTROL  [initandlisten] allocator: tcmalloc
2018-07-18T04:19:09.213+0000 I CONTROL  [initandlisten] modules: none
2018-07-18T04:19:09.214+0000 I CONTROL  [initandlisten] build environment:
2018-07-18T04:19:09.215+0000 I CONTROL  [initandlisten]     distmod: ubuntu1604
2018-07-18T04:19:09.216+0000 I CONTROL  [initandlisten]     distarch: x86_64
2018-07-18T04:19:09.217+0000 I CONTROL  [initandlisten]     target_arch: x86_64
2018-07-18T04:19:09.218+0000 I CONTROL  [initandlisten] options: { config: "/mongodb/config/shardConf1.config", net: { bindIp: "127.0.0.1", bindIpAll: true, port: 27017 }, processManagement: { timeZoneInfo: "/usr/share/zoneinfo" }, sharding: { clusterRole: "shardsvr" }, storage: { dbPath: "mongodb/data/db/shard_db_1", journal: { enabled: true } }, systemLog: { destination: "file", logAppend: true, path: "mongodb/data/logs/shard_db_1.log" } }
2018-07-18T04:19:09.224+0000 W STORAGE  [initandlisten] Detected unclean shutdown - mongodb/data/db/shard_db_1/mongod.lock is not empty.
2018-07-18T04:19:09.229+0000 I STORAGE  [initandlisten] Detected data files in mongodb/data/db/shard_db_1 created by the 'wiredTiger' storage engine, so setting the active storage engine to 'wiredTiger'.
2018-07-18T04:19:09.234+0000 W STORAGE  [initandlisten] Recovering data from the last clean checkpoint.
2018-07-18T04:19:09.236+0000 I STORAGE  [initandlisten] wiredtiger_open config: create,cache_size=487M,session_max=20000,eviction=(threads_min=4,threads_max=4),config_base=false,statistics=(fast),log=(enabled=true,archive=true,path=journal,compressor=snappy),file_manager=(close_idle_time=100000),statistics_log=(wait=0),verbose=(recovery_progress),
2018-07-18T04:19:30.096+0000 I STORAGE  [initandlisten] WiredTiger message [1531887570:96843][1:0x7ffa2c606a00], txn-recover: Main recovery loop: starting at 9/8576
2018-07-18T04:19:31.247+0000 I STORAGE  [initandlisten] WiredTiger message [1531887571:247341][1:0x7ffa2c606a00], txn-recover: Recovering log 9 through 10
2018-07-18T04:19:32.538+0000 I STORAGE  [initandlisten] WiredTiger message [1531887572:538796][1:0x7ffa2c606a00], txn-recover: Recovering log 10 through 10
2018-07-18T04:19:32.736+0000 I STORAGE  [initandlisten] WiredTiger message [1531887572:735871][1:0x7ffa2c606a00], txn-recover: Set global recovery timestamp: 0
2018-07-18T04:19:32.768+0000 I RECOVERY [initandlisten] WiredTiger recoveryTimestamp. Ts: Timestamp(0, 0)
2018-07-18T04:19:32.826+0000 I CONTROL  [initandlisten] 
2018-07-18T04:19:32.827+0000 I CONTROL  [initandlisten] ** WARNING: Access control is not enabled for the database.
2018-07-18T04:19:32.828+0000 I CONTROL  [initandlisten] **          Read and write access to data and configuration is unrestricted.
2018-07-18T04:19:32.828+0000 I CONTROL  [initandlisten] 
2018-07-18T04:19:32.851+0000 W SHARDING [initandlisten] Started with --shardsvr, but no shardIdentity document was found on disk in admin.system.version. This most likely means this server has not yet been added to a sharded cluster.
2018-07-18T04:19:32.856+0000 I FTDC     [initandlisten] Initializing full-time diagnostic data capture with directory 'mongodb/data/db/shard_db_1/diagnostic.data'
2018-07-18T04:19:32.861+0000 I NETWORK  [initandlisten] waiting for connections on port 27017
2018-07-18T04:19:32.861+0000 I CONTROL  [LogicalSessionCacheRefresh] Sessions collection is not set up; waiting until next sessions refresh interval: sharding state is not yet initialized
2018-07-18T04:19:32.861+0000 I CONTROL  [LogicalSessionCacheReap] Sessions collection is not set up; waiting until next sessions reap interval: sharding state is not yet initialized
2018-07-18T04:22:16.195+0000 I CONTROL  [signalProcessingThread] got signal 15 (Terminated), will terminate after current cmd ends
2018-07-18T04:22:16.196+0000 I NETWORK  [signalProcessingThread] shutdown: going to close listening sockets...
2018-07-18T04:22:16.197+0000 I NETWORK  [signalProcessingThread] removing socket file: /tmp/mongodb-27017.sock
2018-07-18T04:22:16.198+0000 I CONTROL  [signalProcessingThread] Shutting down free monitoring
2018-07-18T04:22:16.199+0000 I FTDC     [signalProcessingThread] Shutting down full-time diagnostic data capture
2018-07-18T04:22:16.207+0000 I STORAGE  [signalProcessingThread] WiredTigerKVEngine shutting down
2018-07-18T04:22:16.285+0000 I STORAGE  [signalProcessingThread] Downgrading WiredTiger datafiles.
