2018-07-18T03:15:16.953+0000 I CONTROL  [initandlisten] MongoDB starting : pid=1 port=27017 dbpath=mongodb/data/db/shard_db_3 64-bit host=6850d6eedcdc
2018-07-18T03:15:16.954+0000 I CONTROL  [initandlisten] db version v4.0.0
2018-07-18T03:15:16.956+0000 I CONTROL  [initandlisten] git version: 3b07af3d4f471ae89e8186d33bbb1d5259597d51
2018-07-18T03:15:16.957+0000 I CONTROL  [initandlisten] OpenSSL version: OpenSSL 1.0.2g  1 Mar 2016
2018-07-18T03:15:16.957+0000 I CONTROL  [initandlisten] allocator: tcmalloc
2018-07-18T03:15:16.958+0000 I CONTROL  [initandlisten] modules: none
2018-07-18T03:15:16.958+0000 I CONTROL  [initandlisten] build environment:
2018-07-18T03:15:16.966+0000 I CONTROL  [initandlisten]     distmod: ubuntu1604
2018-07-18T03:15:16.971+0000 I CONTROL  [initandlisten]     distarch: x86_64
2018-07-18T03:15:16.974+0000 I CONTROL  [initandlisten]     target_arch: x86_64
2018-07-18T03:15:16.974+0000 I CONTROL  [initandlisten] options: { config: "/mongodb/config/shardConf3.config", net: { bindIp: "127.0.0.1", bindIpAll: true, port: 27017 }, processManagement: { timeZoneInfo: "/usr/share/zoneinfo" }, sharding: { clusterRole: "shardsvr" }, storage: { dbPath: "mongodb/data/db/shard_db_3", journal: { enabled: true } }, systemLog: { destination: "file", logAppend: true, path: "mongodb/data/logs/shard_db_3.log" } }
2018-07-18T03:15:16.977+0000 I STORAGE  [initandlisten] exception in initAndListen: NonExistentPath: Data directory mongodb/data/db/shard_db_3 not found., terminating
2018-07-18T03:15:16.978+0000 I CONTROL  [initandlisten] now exiting
2018-07-18T03:15:16.979+0000 I CONTROL  [initandlisten] shutting down with code:100
2018-07-18T03:19:03.007+0000 I CONTROL  [main] ***** SERVER RESTARTED *****
2018-07-18T03:19:03.029+0000 I CONTROL  [initandlisten] MongoDB starting : pid=1 port=27017 dbpath=mongodb/data/db/shard_db_3 64-bit host=6850d6eedcdc
2018-07-18T03:19:03.030+0000 I CONTROL  [initandlisten] db version v4.0.0
2018-07-18T03:19:03.031+0000 I CONTROL  [initandlisten] git version: 3b07af3d4f471ae89e8186d33bbb1d5259597d51
2018-07-18T03:19:03.031+0000 I CONTROL  [initandlisten] OpenSSL version: OpenSSL 1.0.2g  1 Mar 2016
2018-07-18T03:19:03.032+0000 I CONTROL  [initandlisten] allocator: tcmalloc
2018-07-18T03:19:03.033+0000 I CONTROL  [initandlisten] modules: none
2018-07-18T03:19:03.033+0000 I CONTROL  [initandlisten] build environment:
2018-07-18T03:19:03.034+0000 I CONTROL  [initandlisten]     distmod: ubuntu1604
2018-07-18T03:19:03.034+0000 I CONTROL  [initandlisten]     distarch: x86_64
2018-07-18T03:19:03.035+0000 I CONTROL  [initandlisten]     target_arch: x86_64
2018-07-18T03:19:03.035+0000 I CONTROL  [initandlisten] options: { config: "/mongodb/config/shardConf3.config", net: { bindIp: "127.0.0.1", bindIpAll: true, port: 27017 }, processManagement: { timeZoneInfo: "/usr/share/zoneinfo" }, sharding: { clusterRole: "shardsvr" }, storage: { dbPath: "mongodb/data/db/shard_db_3", journal: { enabled: true } }, systemLog: { destination: "file", logAppend: true, path: "mongodb/data/logs/shard_db_3.log" } }
2018-07-18T03:19:03.042+0000 I STORAGE  [initandlisten] wiredtiger_open config: create,cache_size=487M,session_max=20000,eviction=(threads_min=4,threads_max=4),config_base=false,statistics=(fast),log=(enabled=true,archive=true,path=journal,compressor=snappy),file_manager=(close_idle_time=100000),statistics_log=(wait=0),verbose=(recovery_progress),
2018-07-18T03:19:14.652+0000 I CONTROL  [signalProcessingThread] got signal 15 (Terminated), will terminate after current cmd ends
2018-07-18T03:19:14.653+0000 I NETWORK  [signalProcessingThread] shutdown: going to close listening sockets...
2018-07-18T03:19:14.654+0000 I NETWORK  [signalProcessingThread] removing socket file: /tmp/mongodb-27017.sock
2018-07-18T03:19:14.656+0000 I CONTROL  [signalProcessingThread] now exiting
2018-07-18T03:19:14.657+0000 I CONTROL  [signalProcessingThread] shutting down with code:0
2018-07-18T03:20:00.487+0000 I CONTROL  [main] ***** SERVER RESTARTED *****
2018-07-18T03:20:00.510+0000 I CONTROL  [initandlisten] MongoDB starting : pid=1 port=27017 dbpath=mongodb/data/db/shard_db_3 64-bit host=04c15c5cc547
2018-07-18T03:20:00.511+0000 I CONTROL  [initandlisten] db version v4.0.0
2018-07-18T03:20:00.511+0000 I CONTROL  [initandlisten] git version: 3b07af3d4f471ae89e8186d33bbb1d5259597d51
2018-07-18T03:20:00.511+0000 I CONTROL  [initandlisten] OpenSSL version: OpenSSL 1.0.2g  1 Mar 2016
2018-07-18T03:20:00.512+0000 I CONTROL  [initandlisten] allocator: tcmalloc
2018-07-18T03:20:00.512+0000 I CONTROL  [initandlisten] modules: none
2018-07-18T03:20:00.512+0000 I CONTROL  [initandlisten] build environment:
2018-07-18T03:20:00.513+0000 I CONTROL  [initandlisten]     distmod: ubuntu1604
2018-07-18T03:20:00.513+0000 I CONTROL  [initandlisten]     distarch: x86_64
2018-07-18T03:20:00.513+0000 I CONTROL  [initandlisten]     target_arch: x86_64
2018-07-18T03:20:00.514+0000 I CONTROL  [initandlisten] options: { config: "/mongodb/config/shardConf3.config", net: { bindIp: "127.0.0.1", bindIpAll: true, port: 27017 }, processManagement: { timeZoneInfo: "/usr/share/zoneinfo" }, sharding: { clusterRole: "shardsvr" }, storage: { dbPath: "mongodb/data/db/shard_db_3", journal: { enabled: true } }, systemLog: { destination: "file", logAppend: true, path: "mongodb/data/logs/shard_db_3.log" } }
2018-07-18T03:20:00.519+0000 I STORAGE  [initandlisten] wiredtiger_open config: create,cache_size=487M,session_max=20000,eviction=(threads_min=4,threads_max=4),config_base=false,statistics=(fast),log=(enabled=true,archive=true,path=journal,compressor=snappy),file_manager=(close_idle_time=100000),statistics_log=(wait=0),verbose=(recovery_progress),
2018-07-18T03:21:01.015+0000 I CONTROL  [main] ***** SERVER RESTARTED *****
2018-07-18T03:21:01.085+0000 I CONTROL  [initandlisten] MongoDB starting : pid=1 port=27017 dbpath=mongodb/data/db/shard_db_3 64-bit host=80e1400579ff
2018-07-18T03:21:01.085+0000 I CONTROL  [initandlisten] db version v4.0.0
2018-07-18T03:21:01.086+0000 I CONTROL  [initandlisten] git version: 3b07af3d4f471ae89e8186d33bbb1d5259597d51
2018-07-18T03:21:01.086+0000 I CONTROL  [initandlisten] OpenSSL version: OpenSSL 1.0.2g  1 Mar 2016
2018-07-18T03:21:01.086+0000 I CONTROL  [initandlisten] allocator: tcmalloc
2018-07-18T03:21:01.087+0000 I CONTROL  [initandlisten] modules: none
2018-07-18T03:21:01.087+0000 I CONTROL  [initandlisten] build environment:
2018-07-18T03:21:01.088+0000 I CONTROL  [initandlisten]     distmod: ubuntu1604
2018-07-18T03:21:01.088+0000 I CONTROL  [initandlisten]     distarch: x86_64
2018-07-18T03:21:01.090+0000 I CONTROL  [initandlisten]     target_arch: x86_64
2018-07-18T03:21:01.090+0000 I CONTROL  [initandlisten] options: { config: "/mongodb/config/shardConf3.config", net: { bindIp: "127.0.0.1", bindIpAll: true, port: 27017 }, processManagement: { timeZoneInfo: "/usr/share/zoneinfo" }, sharding: { clusterRole: "shardsvr" }, storage: { dbPath: "mongodb/data/db/shard_db_3", journal: { enabled: true } }, systemLog: { destination: "file", logAppend: true, path: "mongodb/data/logs/shard_db_3.log" } }
2018-07-18T03:21:01.095+0000 I STORAGE  [initandlisten] wiredtiger_open config: create,cache_size=487M,session_max=20000,eviction=(threads_min=4,threads_max=4),config_base=false,statistics=(fast),log=(enabled=true,archive=true,path=journal,compressor=snappy),file_manager=(close_idle_time=100000),statistics_log=(wait=0),verbose=(recovery_progress),
2018-07-18T03:21:18.639+0000 I STORAGE  [initandlisten] WiredTiger message [1531884078:639681][1:0x7f84024c1a00], txn-recover: Set global recovery timestamp: 0
2018-07-18T03:21:18.665+0000 I RECOVERY [initandlisten] WiredTiger recoveryTimestamp. Ts: Timestamp(0, 0)
2018-07-18T03:21:18.754+0000 I CONTROL  [initandlisten] 
2018-07-18T03:21:18.755+0000 I CONTROL  [initandlisten] ** WARNING: Access control is not enabled for the database.
2018-07-18T03:21:18.756+0000 I CONTROL  [initandlisten] **          Read and write access to data and configuration is unrestricted.
2018-07-18T03:21:18.756+0000 I CONTROL  [initandlisten] 
2018-07-18T03:21:18.761+0000 I STORAGE  [initandlisten] createCollection: admin.system.version with provided UUID: d8c352d9-c078-4b7f-867b-b730791a0fe1
2018-07-18T03:21:18.805+0000 I COMMAND  [initandlisten] setting featureCompatibilityVersion to 3.6
2018-07-18T03:21:18.832+0000 W SHARDING [initandlisten] Started with --shardsvr, but no shardIdentity document was found on disk in admin.system.version. This most likely means this server has not yet been added to a sharded cluster.
2018-07-18T03:21:18.835+0000 I STORAGE  [initandlisten] createCollection: local.startup_log with generated UUID: 1afdcc71-d584-42de-8eff-fce34d9afae3
2018-07-18T03:21:18.879+0000 I FTDC     [initandlisten] Initializing full-time diagnostic data capture with directory 'mongodb/data/db/shard_db_3/diagnostic.data'
2018-07-18T03:21:18.898+0000 I CONTROL  [LogicalSessionCacheReap] Sessions collection is not set up; waiting until next sessions reap interval: sharding state is not yet initialized
2018-07-18T03:21:18.899+0000 I CONTROL  [LogicalSessionCacheRefresh] Sessions collection is not set up; waiting until next sessions refresh interval: sharding state is not yet initialized
2018-07-18T03:21:18.918+0000 I NETWORK  [initandlisten] waiting for connections on port 27017
2018-07-18T03:26:25.327+0000 I CONTROL  [main] ***** SERVER RESTARTED *****
2018-07-18T03:26:25.375+0000 I CONTROL  [initandlisten] MongoDB starting : pid=1 port=27017 dbpath=mongodb/data/db/shard_db_3 64-bit host=80e1400579ff
2018-07-18T03:26:25.376+0000 I CONTROL  [initandlisten] db version v4.0.0
2018-07-18T03:26:25.376+0000 I CONTROL  [initandlisten] git version: 3b07af3d4f471ae89e8186d33bbb1d5259597d51
2018-07-18T03:26:25.377+0000 I CONTROL  [initandlisten] OpenSSL version: OpenSSL 1.0.2g  1 Mar 2016
2018-07-18T03:26:25.377+0000 I CONTROL  [initandlisten] allocator: tcmalloc
2018-07-18T03:26:25.378+0000 I CONTROL  [initandlisten] modules: none
2018-07-18T03:26:25.378+0000 I CONTROL  [initandlisten] build environment:
2018-07-18T03:26:25.379+0000 I CONTROL  [initandlisten]     distmod: ubuntu1604
2018-07-18T03:26:25.379+0000 I CONTROL  [initandlisten]     distarch: x86_64
2018-07-18T03:26:25.380+0000 I CONTROL  [initandlisten]     target_arch: x86_64
2018-07-18T03:26:25.380+0000 I CONTROL  [initandlisten] options: { config: "/mongodb/config/shardConf3.config", net: { bindIp: "127.0.0.1", bindIpAll: true, port: 27017 }, processManagement: { timeZoneInfo: "/usr/share/zoneinfo" }, sharding: { clusterRole: "shardsvr" }, storage: { dbPath: "mongodb/data/db/shard_db_3", journal: { enabled: true } }, systemLog: { destination: "file", logAppend: true, path: "mongodb/data/logs/shard_db_3.log" } }
2018-07-18T03:26:25.383+0000 W STORAGE  [initandlisten] Detected unclean shutdown - mongodb/data/db/shard_db_3/mongod.lock is not empty.
2018-07-18T03:26:25.390+0000 I STORAGE  [initandlisten] Detected data files in mongodb/data/db/shard_db_3 created by the 'wiredTiger' storage engine, so setting the active storage engine to 'wiredTiger'.
2018-07-18T03:26:25.393+0000 W STORAGE  [initandlisten] Recovering data from the last clean checkpoint.
2018-07-18T03:26:25.394+0000 I STORAGE  [initandlisten] wiredtiger_open config: create,cache_size=487M,session_max=20000,eviction=(threads_min=4,threads_max=4),config_base=false,statistics=(fast),log=(enabled=true,archive=true,path=journal,compressor=snappy),file_manager=(close_idle_time=100000),statistics_log=(wait=0),verbose=(recovery_progress),
2018-07-18T03:26:46.890+0000 I STORAGE  [initandlisten] WiredTiger message [1531884406:890386][1:0x7fd4f872da00], txn-recover: Main recovery loop: starting at 1/0
2018-07-18T03:26:46.957+0000 I STORAGE  [initandlisten] WiredTiger message [1531884406:957442][1:0x7fd4f872da00], txn-recover: Recovering log 1 through 2
2018-07-18T03:26:48.133+0000 I STORAGE  [initandlisten] WiredTiger message [1531884408:133511][1:0x7fd4f872da00], file:index-3--2924461544198652684.wt, txn-recover: Recovering log 2 through 2
2018-07-18T03:26:48.303+0000 I STORAGE  [initandlisten] WiredTiger message [1531884408:303871][1:0x7fd4f872da00], file:index-3--2924461544198652684.wt, txn-recover: Set global recovery timestamp: 0
2018-07-18T03:26:48.393+0000 I RECOVERY [initandlisten] WiredTiger recoveryTimestamp. Ts: Timestamp(0, 0)
2018-07-18T03:26:48.495+0000 I CONTROL  [initandlisten] 
2018-07-18T03:26:48.497+0000 I CONTROL  [initandlisten] ** WARNING: Access control is not enabled for the database.
2018-07-18T03:26:48.499+0000 I CONTROL  [initandlisten] **          Read and write access to data and configuration is unrestricted.
2018-07-18T03:26:48.500+0000 I CONTROL  [initandlisten] 
2018-07-18T03:26:48.564+0000 W SHARDING [initandlisten] Started with --shardsvr, but no shardIdentity document was found on disk in admin.system.version. This most likely means this server has not yet been added to a sharded cluster.
2018-07-18T03:26:48.572+0000 I FTDC     [initandlisten] Initializing full-time diagnostic data capture with directory 'mongodb/data/db/shard_db_3/diagnostic.data'
2018-07-18T03:26:48.579+0000 I NETWORK  [initandlisten] waiting for connections on port 27017
2018-07-18T03:26:48.579+0000 I CONTROL  [LogicalSessionCacheReap] Sessions collection is not set up; waiting until next sessions reap interval: sharding state is not yet initialized
2018-07-18T03:26:48.579+0000 I CONTROL  [LogicalSessionCacheRefresh] Sessions collection is not set up; waiting until next sessions refresh interval: sharding state is not yet initialized
2018-07-18T03:26:57.690+0000 I CONTROL  [signalProcessingThread] got signal 15 (Terminated), will terminate after current cmd ends
2018-07-18T03:26:57.691+0000 I NETWORK  [signalProcessingThread] shutdown: going to close listening sockets...
2018-07-18T03:26:57.691+0000 I NETWORK  [signalProcessingThread] removing socket file: /tmp/mongodb-27017.sock
2018-07-18T03:26:57.693+0000 I CONTROL  [signalProcessingThread] Shutting down free monitoring
2018-07-18T03:26:57.694+0000 I FTDC     [signalProcessingThread] Shutting down full-time diagnostic data capture
2018-07-18T03:26:57.703+0000 I STORAGE  [signalProcessingThread] WiredTigerKVEngine shutting down
2018-07-18T03:26:57.776+0000 I STORAGE  [signalProcessingThread] Downgrading WiredTiger datafiles.
2018-07-18T03:31:57.577+0000 I CONTROL  [main] ***** SERVER RESTARTED *****
2018-07-18T03:31:57.588+0000 I CONTROL  [initandlisten] MongoDB starting : pid=1 port=27017 dbpath=mongodb/data/db/shard_db_3 64-bit host=3c88f92f5c63
2018-07-18T03:31:57.589+0000 I CONTROL  [initandlisten] db version v4.0.0
2018-07-18T03:31:57.589+0000 I CONTROL  [initandlisten] git version: 3b07af3d4f471ae89e8186d33bbb1d5259597d51
2018-07-18T03:31:57.589+0000 I CONTROL  [initandlisten] OpenSSL version: OpenSSL 1.0.2g  1 Mar 2016
2018-07-18T03:31:57.590+0000 I CONTROL  [initandlisten] allocator: tcmalloc
2018-07-18T03:31:57.591+0000 I CONTROL  [initandlisten] modules: none
2018-07-18T03:31:57.592+0000 I CONTROL  [initandlisten] build environment:
2018-07-18T03:31:57.592+0000 I CONTROL  [initandlisten]     distmod: ubuntu1604
2018-07-18T03:31:57.593+0000 I CONTROL  [initandlisten]     distarch: x86_64
2018-07-18T03:31:57.593+0000 I CONTROL  [initandlisten]     target_arch: x86_64
2018-07-18T03:31:57.593+0000 I CONTROL  [initandlisten] options: { config: "/mongodb/config/shardConf3.config", net: { bindIp: "127.0.0.1", bindIpAll: true, port: 27017 }, processManagement: { timeZoneInfo: "/usr/share/zoneinfo" }, sharding: { clusterRole: "shardsvr" }, storage: { dbPath: "mongodb/data/db/shard_db_3", journal: { enabled: true } }, systemLog: { destination: "file", logAppend: true, path: "mongodb/data/logs/shard_db_3.log" } }
2018-07-18T03:31:57.596+0000 W STORAGE  [initandlisten] Detected unclean shutdown - mongodb/data/db/shard_db_3/mongod.lock is not empty.
2018-07-18T03:31:57.599+0000 I STORAGE  [initandlisten] Detected data files in mongodb/data/db/shard_db_3 created by the 'wiredTiger' storage engine, so setting the active storage engine to 'wiredTiger'.
2018-07-18T03:31:57.604+0000 W STORAGE  [initandlisten] Recovering data from the last clean checkpoint.
2018-07-18T03:31:57.605+0000 I STORAGE  [initandlisten] wiredtiger_open config: create,cache_size=487M,session_max=20000,eviction=(threads_min=4,threads_max=4),config_base=false,statistics=(fast),log=(enabled=true,archive=true,path=journal,compressor=snappy),file_manager=(close_idle_time=100000),statistics_log=(wait=0),verbose=(recovery_progress),
2018-07-18T03:32:17.522+0000 I STORAGE  [initandlisten] WiredTiger message [1531884737:522850][1:0x7f466f8bea00], txn-recover: Main recovery loop: starting at 2/5632
2018-07-18T03:32:19.621+0000 I STORAGE  [initandlisten] WiredTiger message [1531884739:621770][1:0x7f466f8bea00], txn-recover: Recovering log 2 through 3
2018-07-18T03:32:21.501+0000 I STORAGE  [initandlisten] WiredTiger message [1531884741:501186][1:0x7f466f8bea00], txn-recover: Recovering log 3 through 3
2018-07-18T03:32:21.732+0000 I STORAGE  [initandlisten] WiredTiger message [1531884741:732779][1:0x7f466f8bea00], txn-recover: Set global recovery timestamp: 0
2018-07-18T03:32:21.930+0000 I RECOVERY [initandlisten] WiredTiger recoveryTimestamp. Ts: Timestamp(0, 0)
2018-07-18T03:32:22.064+0000 I CONTROL  [initandlisten] 
2018-07-18T03:32:22.066+0000 I CONTROL  [initandlisten] ** WARNING: Access control is not enabled for the database.
2018-07-18T03:32:22.067+0000 I CONTROL  [initandlisten] **          Read and write access to data and configuration is unrestricted.
2018-07-18T03:32:22.070+0000 I CONTROL  [initandlisten] 
2018-07-18T03:32:22.116+0000 W SHARDING [initandlisten] Started with --shardsvr, but no shardIdentity document was found on disk in admin.system.version. This most likely means this server has not yet been added to a sharded cluster.
2018-07-18T03:32:22.130+0000 I FTDC     [initandlisten] Initializing full-time diagnostic data capture with directory 'mongodb/data/db/shard_db_3/diagnostic.data'
2018-07-18T03:32:22.139+0000 I NETWORK  [initandlisten] waiting for connections on port 27017
2018-07-18T03:32:22.139+0000 I CONTROL  [LogicalSessionCacheReap] Sessions collection is not set up; waiting until next sessions reap interval: sharding state is not yet initialized
2018-07-18T03:32:22.139+0000 I CONTROL  [LogicalSessionCacheRefresh] Sessions collection is not set up; waiting until next sessions refresh interval: sharding state is not yet initialized
2018-07-18T03:33:57.877+0000 I CONTROL  [signalProcessingThread] got signal 15 (Terminated), will terminate after current cmd ends
2018-07-18T03:33:57.878+0000 I NETWORK  [signalProcessingThread] shutdown: going to close listening sockets...
2018-07-18T03:33:57.878+0000 I NETWORK  [signalProcessingThread] removing socket file: /tmp/mongodb-27017.sock
2018-07-18T03:33:57.880+0000 I CONTROL  [signalProcessingThread] Shutting down free monitoring
2018-07-18T03:33:57.882+0000 I FTDC     [signalProcessingThread] Shutting down full-time diagnostic data capture
2018-07-18T03:33:57.903+0000 I STORAGE  [signalProcessingThread] WiredTigerKVEngine shutting down
2018-07-18T03:33:57.966+0000 I STORAGE  [signalProcessingThread] Downgrading WiredTiger datafiles.
2018-07-18T03:35:24.759+0000 I CONTROL  [main] ***** SERVER RESTARTED *****
2018-07-18T03:35:24.790+0000 I CONTROL  [initandlisten] MongoDB starting : pid=1 port=27017 dbpath=mongodb/data/db/shard_db_3 64-bit host=fc43ecae84ca
2018-07-18T03:35:24.802+0000 I CONTROL  [initandlisten] db version v4.0.0
2018-07-18T03:35:24.803+0000 I CONTROL  [initandlisten] git version: 3b07af3d4f471ae89e8186d33bbb1d5259597d51
2018-07-18T03:35:24.803+0000 I CONTROL  [initandlisten] OpenSSL version: OpenSSL 1.0.2g  1 Mar 2016
2018-07-18T03:35:24.804+0000 I CONTROL  [initandlisten] allocator: tcmalloc
2018-07-18T03:35:24.804+0000 I CONTROL  [initandlisten] modules: none
2018-07-18T03:35:24.805+0000 I CONTROL  [initandlisten] build environment:
2018-07-18T03:35:24.807+0000 I CONTROL  [initandlisten]     distmod: ubuntu1604
2018-07-18T03:35:24.810+0000 I CONTROL  [initandlisten]     distarch: x86_64
2018-07-18T03:35:24.811+0000 I CONTROL  [initandlisten]     target_arch: x86_64
2018-07-18T03:35:24.813+0000 I CONTROL  [initandlisten] options: { config: "/mongodb/config/shardConf3.config", net: { bindIp: "127.0.0.1", bindIpAll: true, port: 27017 }, processManagement: { timeZoneInfo: "/usr/share/zoneinfo" }, sharding: { clusterRole: "shardsvr" }, storage: { dbPath: "mongodb/data/db/shard_db_3", journal: { enabled: true } }, systemLog: { destination: "file", logAppend: true, path: "mongodb/data/logs/shard_db_3.log" } }
2018-07-18T03:35:24.833+0000 W STORAGE  [initandlisten] Detected unclean shutdown - mongodb/data/db/shard_db_3/mongod.lock is not empty.
2018-07-18T03:35:24.849+0000 I STORAGE  [initandlisten] Detected data files in mongodb/data/db/shard_db_3 created by the 'wiredTiger' storage engine, so setting the active storage engine to 'wiredTiger'.
2018-07-18T03:35:24.852+0000 W STORAGE  [initandlisten] Recovering data from the last clean checkpoint.
2018-07-18T03:35:24.854+0000 I STORAGE  [initandlisten] wiredtiger_open config: create,cache_size=487M,session_max=20000,eviction=(threads_min=4,threads_max=4),config_base=false,statistics=(fast),log=(enabled=true,archive=true,path=journal,compressor=snappy),file_manager=(close_idle_time=100000),statistics_log=(wait=0),verbose=(recovery_progress),
2018-07-18T03:35:45.941+0000 I STORAGE  [initandlisten] WiredTiger message [1531884945:941014][1:0x7fa1ab038a00], txn-recover: Main recovery loop: starting at 3/6784
2018-07-18T03:35:48.646+0000 I STORAGE  [initandlisten] WiredTiger message [1531884948:646708][1:0x7fa1ab038a00], txn-recover: Recovering log 3 through 4
2018-07-18T03:35:50.668+0000 I STORAGE  [initandlisten] WiredTiger message [1531884950:668625][1:0x7fa1ab038a00], txn-recover: Recovering log 4 through 4
2018-07-18T03:35:50.937+0000 I STORAGE  [initandlisten] WiredTiger message [1531884950:937526][1:0x7fa1ab038a00], txn-recover: Set global recovery timestamp: 0
2018-07-18T03:35:51.185+0000 I RECOVERY [initandlisten] WiredTiger recoveryTimestamp. Ts: Timestamp(0, 0)
2018-07-18T03:35:51.377+0000 I CONTROL  [initandlisten] 
2018-07-18T03:35:51.381+0000 I CONTROL  [initandlisten] ** WARNING: Access control is not enabled for the database.
2018-07-18T03:35:51.385+0000 I CONTROL  [initandlisten] **          Read and write access to data and configuration is unrestricted.
2018-07-18T03:35:51.388+0000 I CONTROL  [initandlisten] 
2018-07-18T03:35:51.478+0000 W SHARDING [initandlisten] Started with --shardsvr, but no shardIdentity document was found on disk in admin.system.version. This most likely means this server has not yet been added to a sharded cluster.
2018-07-18T03:35:51.510+0000 I FTDC     [initandlisten] Initializing full-time diagnostic data capture with directory 'mongodb/data/db/shard_db_3/diagnostic.data'
2018-07-18T03:35:51.515+0000 I CONTROL  [LogicalSessionCacheRefresh] Sessions collection is not set up; waiting until next sessions refresh interval: sharding state is not yet initialized
2018-07-18T03:35:51.515+0000 I NETWORK  [initandlisten] waiting for connections on port 27017
2018-07-18T03:35:51.515+0000 I CONTROL  [LogicalSessionCacheReap] Sessions collection is not set up; waiting until next sessions reap interval: sharding state is not yet initialized
2018-07-18T03:36:09.412+0000 I CONTROL  [signalProcessingThread] got signal 15 (Terminated), will terminate after current cmd ends
2018-07-18T03:36:09.414+0000 I NETWORK  [signalProcessingThread] shutdown: going to close listening sockets...
2018-07-18T03:36:09.416+0000 I NETWORK  [signalProcessingThread] removing socket file: /tmp/mongodb-27017.sock
2018-07-18T03:36:09.417+0000 I CONTROL  [signalProcessingThread] Shutting down free monitoring
2018-07-18T03:36:09.420+0000 I FTDC     [signalProcessingThread] Shutting down full-time diagnostic data capture
2018-07-18T03:36:09.433+0000 I STORAGE  [signalProcessingThread] WiredTigerKVEngine shutting down
2018-07-18T03:36:09.586+0000 I STORAGE  [signalProcessingThread] Downgrading WiredTiger datafiles.
2018-07-18T03:36:24.189+0000 I CONTROL  [main] ***** SERVER RESTARTED *****
2018-07-18T03:36:24.220+0000 I CONTROL  [initandlisten] MongoDB starting : pid=1 port=27017 dbpath=mongodb/data/db/shard_db_3 64-bit host=2461ed26a3e4
2018-07-18T03:36:24.226+0000 I CONTROL  [initandlisten] db version v4.0.0
2018-07-18T03:36:24.228+0000 I CONTROL  [initandlisten] git version: 3b07af3d4f471ae89e8186d33bbb1d5259597d51
2018-07-18T03:36:24.235+0000 I CONTROL  [initandlisten] OpenSSL version: OpenSSL 1.0.2g  1 Mar 2016
2018-07-18T03:36:24.239+0000 I CONTROL  [initandlisten] allocator: tcmalloc
2018-07-18T03:36:24.242+0000 I CONTROL  [initandlisten] modules: none
2018-07-18T03:36:24.262+0000 I CONTROL  [initandlisten] build environment:
2018-07-18T03:36:24.263+0000 I CONTROL  [initandlisten]     distmod: ubuntu1604
2018-07-18T03:36:24.263+0000 I CONTROL  [initandlisten]     distarch: x86_64
2018-07-18T03:36:24.263+0000 I CONTROL  [initandlisten]     target_arch: x86_64
2018-07-18T03:36:24.273+0000 I CONTROL  [initandlisten] options: { config: "/mongodb/config/shardConf3.config", net: { bindIp: "127.0.0.1", bindIpAll: true, port: 27017 }, processManagement: { timeZoneInfo: "/usr/share/zoneinfo" }, sharding: { clusterRole: "shardsvr" }, storage: { dbPath: "mongodb/data/db/shard_db_3", journal: { enabled: true } }, systemLog: { destination: "file", logAppend: true, path: "mongodb/data/logs/shard_db_3.log" } }
2018-07-18T03:36:24.278+0000 W STORAGE  [initandlisten] Detected unclean shutdown - mongodb/data/db/shard_db_3/mongod.lock is not empty.
2018-07-18T03:36:24.294+0000 I STORAGE  [initandlisten] Detected data files in mongodb/data/db/shard_db_3 created by the 'wiredTiger' storage engine, so setting the active storage engine to 'wiredTiger'.
2018-07-18T03:36:24.306+0000 W STORAGE  [initandlisten] Recovering data from the last clean checkpoint.
2018-07-18T03:36:24.308+0000 I STORAGE  [initandlisten] wiredtiger_open config: create,cache_size=487M,session_max=20000,eviction=(threads_min=4,threads_max=4),config_base=false,statistics=(fast),log=(enabled=true,archive=true,path=journal,compressor=snappy),file_manager=(close_idle_time=100000),statistics_log=(wait=0),verbose=(recovery_progress),
2018-07-18T03:36:45.708+0000 I STORAGE  [initandlisten] WiredTiger message [1531885005:708936][1:0x7fa045399a00], txn-recover: Main recovery loop: starting at 4/5632
2018-07-18T03:36:48.386+0000 I STORAGE  [initandlisten] WiredTiger message [1531885008:386219][1:0x7fa045399a00], txn-recover: Recovering log 4 through 5
2018-07-18T03:36:50.038+0000 I STORAGE  [initandlisten] WiredTiger message [1531885010:38081][1:0x7fa045399a00], txn-recover: Recovering log 5 through 5
2018-07-18T03:36:50.488+0000 I STORAGE  [initandlisten] WiredTiger message [1531885010:488716][1:0x7fa045399a00], txn-recover: Set global recovery timestamp: 0
2018-07-18T03:36:50.568+0000 I RECOVERY [initandlisten] WiredTiger recoveryTimestamp. Ts: Timestamp(0, 0)
2018-07-18T03:36:50.711+0000 I CONTROL  [initandlisten] 
2018-07-18T03:36:50.713+0000 I CONTROL  [initandlisten] ** WARNING: Access control is not enabled for the database.
2018-07-18T03:36:50.716+0000 I CONTROL  [initandlisten] **          Read and write access to data and configuration is unrestricted.
2018-07-18T03:36:50.719+0000 I CONTROL  [initandlisten] 
2018-07-18T03:36:50.879+0000 W SHARDING [initandlisten] Started with --shardsvr, but no shardIdentity document was found on disk in admin.system.version. This most likely means this server has not yet been added to a sharded cluster.
2018-07-18T03:36:50.935+0000 I FTDC     [initandlisten] Initializing full-time diagnostic data capture with directory 'mongodb/data/db/shard_db_3/diagnostic.data'
2018-07-18T03:36:50.943+0000 I NETWORK  [initandlisten] waiting for connections on port 27017
2018-07-18T03:36:50.943+0000 I CONTROL  [LogicalSessionCacheRefresh] Sessions collection is not set up; waiting until next sessions refresh interval: sharding state is not yet initialized
2018-07-18T03:36:50.943+0000 I CONTROL  [LogicalSessionCacheReap] Sessions collection is not set up; waiting until next sessions reap interval: sharding state is not yet initialized
2018-07-18T03:41:50.944+0000 I CONTROL  [LogicalSessionCacheRefresh] Sessions collection is not set up; waiting until next sessions refresh interval: sharding state is not yet initialized
2018-07-18T03:41:50.945+0000 I CONTROL  [LogicalSessionCacheReap] Sessions collection is not set up; waiting until next sessions reap interval: sharding state is not yet initialized
2018-07-18T03:46:50.946+0000 I CONTROL  [LogicalSessionCacheRefresh] Sessions collection is not set up; waiting until next sessions refresh interval: sharding state is not yet initialized
2018-07-18T03:46:50.946+0000 I CONTROL  [LogicalSessionCacheReap] Sessions collection is not set up; waiting until next sessions reap interval: sharding state is not yet initialized
2018-07-18T03:51:50.950+0000 I CONTROL  [LogicalSessionCacheRefresh] Sessions collection is not set up; waiting until next sessions refresh interval: sharding state is not yet initialized
2018-07-18T03:51:50.950+0000 I CONTROL  [LogicalSessionCacheReap] Sessions collection is not set up; waiting until next sessions reap interval: sharding state is not yet initialized
2018-07-18T03:56:50.950+0000 I CONTROL  [LogicalSessionCacheRefresh] Sessions collection is not set up; waiting until next sessions refresh interval: sharding state is not yet initialized
2018-07-18T03:56:50.950+0000 I CONTROL  [LogicalSessionCacheReap] Sessions collection is not set up; waiting until next sessions reap interval: sharding state is not yet initialized
2018-07-18T04:01:50.951+0000 I CONTROL  [LogicalSessionCacheRefresh] Sessions collection is not set up; waiting until next sessions refresh interval: sharding state is not yet initialized
2018-07-18T04:01:50.951+0000 I CONTROL  [LogicalSessionCacheReap] Sessions collection is not set up; waiting until next sessions reap interval: sharding state is not yet initialized
2018-07-18T04:05:17.644+0000 I CONTROL  [signalProcessingThread] got signal 15 (Terminated), will terminate after current cmd ends
2018-07-18T04:05:17.645+0000 I NETWORK  [signalProcessingThread] shutdown: going to close listening sockets...
2018-07-18T04:05:17.645+0000 I NETWORK  [signalProcessingThread] removing socket file: /tmp/mongodb-27017.sock
2018-07-18T04:05:17.646+0000 I CONTROL  [signalProcessingThread] Shutting down free monitoring
2018-07-18T04:05:17.646+0000 I FTDC     [signalProcessingThread] Shutting down full-time diagnostic data capture
2018-07-18T04:05:17.655+0000 I STORAGE  [signalProcessingThread] WiredTigerKVEngine shutting down
2018-07-18T04:05:17.713+0000 I STORAGE  [signalProcessingThread] Downgrading WiredTiger datafiles.
2018-07-18T04:05:50.370+0000 I CONTROL  [main] ***** SERVER RESTARTED *****
2018-07-18T04:05:50.431+0000 I CONTROL  [initandlisten] MongoDB starting : pid=1 port=27017 dbpath=mongodb/data/db/shard_db_3 64-bit host=a9ccd2ec99fa
2018-07-18T04:05:50.432+0000 I CONTROL  [initandlisten] db version v4.0.0
2018-07-18T04:05:50.432+0000 I CONTROL  [initandlisten] git version: 3b07af3d4f471ae89e8186d33bbb1d5259597d51
2018-07-18T04:05:50.433+0000 I CONTROL  [initandlisten] OpenSSL version: OpenSSL 1.0.2g  1 Mar 2016
2018-07-18T04:05:50.433+0000 I CONTROL  [initandlisten] allocator: tcmalloc
2018-07-18T04:05:50.434+0000 I CONTROL  [initandlisten] modules: none
2018-07-18T04:05:50.434+0000 I CONTROL  [initandlisten] build environment:
2018-07-18T04:05:50.435+0000 I CONTROL  [initandlisten]     distmod: ubuntu1604
2018-07-18T04:05:50.435+0000 I CONTROL  [initandlisten]     distarch: x86_64
2018-07-18T04:05:50.435+0000 I CONTROL  [initandlisten]     target_arch: x86_64
2018-07-18T04:05:50.436+0000 I CONTROL  [initandlisten] options: { config: "/mongodb/config/shardConf3.config", net: { bindIp: "127.0.0.1", bindIpAll: true, port: 27017 }, processManagement: { timeZoneInfo: "/usr/share/zoneinfo" }, sharding: { clusterRole: "shardsvr" }, storage: { dbPath: "mongodb/data/db/shard_db_3", journal: { enabled: true } }, systemLog: { destination: "file", logAppend: true, path: "mongodb/data/logs/shard_db_3.log" } }
2018-07-18T04:05:50.440+0000 W STORAGE  [initandlisten] Detected unclean shutdown - mongodb/data/db/shard_db_3/mongod.lock is not empty.
2018-07-18T04:05:50.446+0000 I STORAGE  [initandlisten] Detected data files in mongodb/data/db/shard_db_3 created by the 'wiredTiger' storage engine, so setting the active storage engine to 'wiredTiger'.
2018-07-18T04:05:50.458+0000 W STORAGE  [initandlisten] Recovering data from the last clean checkpoint.
2018-07-18T04:05:50.460+0000 I STORAGE  [initandlisten] wiredtiger_open config: create,cache_size=487M,session_max=20000,eviction=(threads_min=4,threads_max=4),config_base=false,statistics=(fast),log=(enabled=true,archive=true,path=journal,compressor=snappy),file_manager=(close_idle_time=100000),statistics_log=(wait=0),verbose=(recovery_progress),
2018-07-18T04:06:14.190+0000 I STORAGE  [initandlisten] WiredTiger message [1531886774:190047][1:0x7f4fb3cfaa00], txn-recover: Main recovery loop: starting at 5/10752
2018-07-18T04:06:16.209+0000 I STORAGE  [initandlisten] WiredTiger message [1531886776:209915][1:0x7f4fb3cfaa00], txn-recover: Recovering log 5 through 7
2018-07-18T04:06:16.902+0000 I STORAGE  [initandlisten] WiredTiger message [1531886776:902126][1:0x7f4fb3cfaa00], txn-recover: Recovering log 6 through 7
2018-07-18T04:06:17.528+0000 I STORAGE  [initandlisten] WiredTiger message [1531886777:528132][1:0x7f4fb3cfaa00], txn-recover: Recovering log 7 through 7
2018-07-18T04:06:17.637+0000 I STORAGE  [initandlisten] WiredTiger message [1531886777:637091][1:0x7f4fb3cfaa00], txn-recover: Set global recovery timestamp: 0
2018-07-18T04:06:17.665+0000 I RECOVERY [initandlisten] WiredTiger recoveryTimestamp. Ts: Timestamp(0, 0)
2018-07-18T04:06:17.697+0000 I CONTROL  [initandlisten] 
2018-07-18T04:06:17.697+0000 I CONTROL  [initandlisten] ** WARNING: Access control is not enabled for the database.
2018-07-18T04:06:17.697+0000 I CONTROL  [initandlisten] **          Read and write access to data and configuration is unrestricted.
2018-07-18T04:06:17.698+0000 I CONTROL  [initandlisten] 
2018-07-18T04:06:17.720+0000 W SHARDING [initandlisten] Started with --shardsvr, but no shardIdentity document was found on disk in admin.system.version. This most likely means this server has not yet been added to a sharded cluster.
2018-07-18T04:06:17.725+0000 I FTDC     [initandlisten] Initializing full-time diagnostic data capture with directory 'mongodb/data/db/shard_db_3/diagnostic.data'
2018-07-18T04:06:17.728+0000 I NETWORK  [initandlisten] waiting for connections on port 27017
2018-07-18T04:06:17.728+0000 I CONTROL  [LogicalSessionCacheReap] Sessions collection is not set up; waiting until next sessions reap interval: sharding state is not yet initialized
2018-07-18T04:06:17.728+0000 I CONTROL  [LogicalSessionCacheRefresh] Sessions collection is not set up; waiting until next sessions refresh interval: sharding state is not yet initialized
2018-07-18T04:06:40.523+0000 I CONTROL  [signalProcessingThread] got signal 15 (Terminated), will terminate after current cmd ends
2018-07-18T04:06:40.524+0000 I NETWORK  [signalProcessingThread] shutdown: going to close listening sockets...
2018-07-18T04:06:40.524+0000 I NETWORK  [signalProcessingThread] removing socket file: /tmp/mongodb-27017.sock
2018-07-18T04:06:40.524+0000 I CONTROL  [signalProcessingThread] Shutting down free monitoring
2018-07-18T04:06:40.528+0000 I FTDC     [signalProcessingThread] Shutting down full-time diagnostic data capture
2018-07-18T04:06:40.550+0000 I STORAGE  [signalProcessingThread] WiredTigerKVEngine shutting down
2018-07-18T04:06:40.642+0000 I STORAGE  [signalProcessingThread] Downgrading WiredTiger datafiles.
2018-07-18T04:10:21.590+0000 I CONTROL  [main] ***** SERVER RESTARTED *****
2018-07-18T04:10:21.623+0000 I CONTROL  [initandlisten] MongoDB starting : pid=1 port=27017 dbpath=mongodb/data/db/shard_db_3 64-bit host=dd1232bdc676
2018-07-18T04:10:21.625+0000 I CONTROL  [initandlisten] db version v4.0.0
2018-07-18T04:10:21.626+0000 I CONTROL  [initandlisten] git version: 3b07af3d4f471ae89e8186d33bbb1d5259597d51
2018-07-18T04:10:21.629+0000 I CONTROL  [initandlisten] OpenSSL version: OpenSSL 1.0.2g  1 Mar 2016
2018-07-18T04:10:21.630+0000 I CONTROL  [initandlisten] allocator: tcmalloc
2018-07-18T04:10:21.637+0000 I CONTROL  [initandlisten] modules: none
2018-07-18T04:10:21.641+0000 I CONTROL  [initandlisten] build environment:
2018-07-18T04:10:21.645+0000 I CONTROL  [initandlisten]     distmod: ubuntu1604
2018-07-18T04:10:21.652+0000 I CONTROL  [initandlisten]     distarch: x86_64
2018-07-18T04:10:21.653+0000 I CONTROL  [initandlisten]     target_arch: x86_64
2018-07-18T04:10:21.655+0000 I CONTROL  [initandlisten] options: { config: "/mongodb/config/shardConf3.config", net: { bindIp: "127.0.0.1", bindIpAll: true, port: 27017 }, processManagement: { timeZoneInfo: "/usr/share/zoneinfo" }, sharding: { clusterRole: "shardsvr" }, storage: { dbPath: "mongodb/data/db/shard_db_3", journal: { enabled: true } }, systemLog: { destination: "file", logAppend: true, path: "mongodb/data/logs/shard_db_3.log" } }
2018-07-18T04:10:21.671+0000 W STORAGE  [initandlisten] Detected unclean shutdown - mongodb/data/db/shard_db_3/mongod.lock is not empty.
2018-07-18T04:10:21.673+0000 I STORAGE  [initandlisten] Detected data files in mongodb/data/db/shard_db_3 created by the 'wiredTiger' storage engine, so setting the active storage engine to 'wiredTiger'.
2018-07-18T04:10:21.677+0000 W STORAGE  [initandlisten] Recovering data from the last clean checkpoint.
2018-07-18T04:10:21.678+0000 I STORAGE  [initandlisten] wiredtiger_open config: create,cache_size=487M,session_max=20000,eviction=(threads_min=4,threads_max=4),config_base=false,statistics=(fast),log=(enabled=true,archive=true,path=journal,compressor=snappy),file_manager=(close_idle_time=100000),statistics_log=(wait=0),verbose=(recovery_progress),
2018-07-18T04:10:43.217+0000 I STORAGE  [initandlisten] WiredTiger message [1531887043:217612][1:0x7ff55404ea00], txn-recover: Main recovery loop: starting at 7/5632
2018-07-18T04:10:45.869+0000 I STORAGE  [initandlisten] WiredTiger message [1531887045:869002][1:0x7ff55404ea00], txn-recover: Recovering log 7 through 9
2018-07-18T04:10:46.608+0000 I STORAGE  [initandlisten] WiredTiger message [1531887046:608685][1:0x7ff55404ea00], txn-recover: Recovering log 8 through 9
2018-07-18T04:10:47.384+0000 I STORAGE  [initandlisten] WiredTiger message [1531887047:383965][1:0x7ff55404ea00], txn-recover: Recovering log 9 through 9
2018-07-18T04:10:47.484+0000 I STORAGE  [initandlisten] WiredTiger message [1531887047:484381][1:0x7ff55404ea00], txn-recover: Set global recovery timestamp: 0
2018-07-18T04:10:47.529+0000 I RECOVERY [initandlisten] WiredTiger recoveryTimestamp. Ts: Timestamp(0, 0)
2018-07-18T04:10:47.564+0000 I CONTROL  [initandlisten] 
2018-07-18T04:10:47.564+0000 I CONTROL  [initandlisten] ** WARNING: Access control is not enabled for the database.
2018-07-18T04:10:47.565+0000 I CONTROL  [initandlisten] **          Read and write access to data and configuration is unrestricted.
2018-07-18T04:10:47.565+0000 I CONTROL  [initandlisten] 
2018-07-18T04:10:47.587+0000 W SHARDING [initandlisten] Started with --shardsvr, but no shardIdentity document was found on disk in admin.system.version. This most likely means this server has not yet been added to a sharded cluster.
2018-07-18T04:10:47.593+0000 I FTDC     [initandlisten] Initializing full-time diagnostic data capture with directory 'mongodb/data/db/shard_db_3/diagnostic.data'
2018-07-18T04:10:47.596+0000 I NETWORK  [initandlisten] waiting for connections on port 27017
2018-07-18T04:10:47.596+0000 I CONTROL  [LogicalSessionCacheRefresh] Sessions collection is not set up; waiting until next sessions refresh interval: sharding state is not yet initialized
2018-07-18T04:10:47.596+0000 I CONTROL  [LogicalSessionCacheReap] Sessions collection is not set up; waiting until next sessions reap interval: sharding state is not yet initialized
2018-07-18T04:15:47.596+0000 I CONTROL  [LogicalSessionCacheRefresh] Sessions collection is not set up; waiting until next sessions refresh interval: sharding state is not yet initialized
2018-07-18T04:15:47.596+0000 I CONTROL  [LogicalSessionCacheReap] Sessions collection is not set up; waiting until next sessions reap interval: sharding state is not yet initialized
2018-07-18T04:18:52.966+0000 I CONTROL  [signalProcessingThread] got signal 15 (Terminated), will terminate after current cmd ends
2018-07-18T04:18:52.967+0000 I NETWORK  [signalProcessingThread] shutdown: going to close listening sockets...
2018-07-18T04:18:52.968+0000 I NETWORK  [signalProcessingThread] removing socket file: /tmp/mongodb-27017.sock
2018-07-18T04:18:52.969+0000 I CONTROL  [signalProcessingThread] Shutting down free monitoring
2018-07-18T04:18:52.970+0000 I FTDC     [signalProcessingThread] Shutting down full-time diagnostic data capture
2018-07-18T04:18:52.976+0000 I STORAGE  [signalProcessingThread] WiredTigerKVEngine shutting down
2018-07-18T04:18:53.048+0000 I STORAGE  [signalProcessingThread] Downgrading WiredTiger datafiles.
2018-07-18T04:19:08.525+0000 I CONTROL  [main] ***** SERVER RESTARTED *****
2018-07-18T04:19:08.549+0000 I CONTROL  [initandlisten] MongoDB starting : pid=1 port=27017 dbpath=mongodb/data/db/shard_db_3 64-bit host=cb7e04f997c2
2018-07-18T04:19:08.549+0000 I CONTROL  [initandlisten] db version v4.0.0
2018-07-18T04:19:08.550+0000 I CONTROL  [initandlisten] git version: 3b07af3d4f471ae89e8186d33bbb1d5259597d51
2018-07-18T04:19:08.551+0000 I CONTROL  [initandlisten] OpenSSL version: OpenSSL 1.0.2g  1 Mar 2016
2018-07-18T04:19:08.551+0000 I CONTROL  [initandlisten] allocator: tcmalloc
2018-07-18T04:19:08.551+0000 I CONTROL  [initandlisten] modules: none
2018-07-18T04:19:08.552+0000 I CONTROL  [initandlisten] build environment:
2018-07-18T04:19:08.552+0000 I CONTROL  [initandlisten]     distmod: ubuntu1604
2018-07-18T04:19:08.553+0000 I CONTROL  [initandlisten]     distarch: x86_64
2018-07-18T04:19:08.553+0000 I CONTROL  [initandlisten]     target_arch: x86_64
2018-07-18T04:19:08.554+0000 I CONTROL  [initandlisten] options: { config: "/mongodb/config/shardConf3.config", net: { bindIp: "127.0.0.1", bindIpAll: true, port: 27017 }, processManagement: { timeZoneInfo: "/usr/share/zoneinfo" }, sharding: { clusterRole: "shardsvr" }, storage: { dbPath: "mongodb/data/db/shard_db_3", journal: { enabled: true } }, systemLog: { destination: "file", logAppend: true, path: "mongodb/data/logs/shard_db_3.log" } }
2018-07-18T04:19:08.558+0000 W STORAGE  [initandlisten] Detected unclean shutdown - mongodb/data/db/shard_db_3/mongod.lock is not empty.
2018-07-18T04:19:08.564+0000 I STORAGE  [initandlisten] Detected data files in mongodb/data/db/shard_db_3 created by the 'wiredTiger' storage engine, so setting the active storage engine to 'wiredTiger'.
2018-07-18T04:19:08.569+0000 W STORAGE  [initandlisten] Recovering data from the last clean checkpoint.
2018-07-18T04:19:08.571+0000 I STORAGE  [initandlisten] wiredtiger_open config: create,cache_size=487M,session_max=20000,eviction=(threads_min=4,threads_max=4),config_base=false,statistics=(fast),log=(enabled=true,archive=true,path=journal,compressor=snappy),file_manager=(close_idle_time=100000),statistics_log=(wait=0),verbose=(recovery_progress),
2018-07-18T04:19:29.365+0000 I STORAGE  [initandlisten] WiredTiger message [1531887569:365111][1:0x7fbc595b6a00], txn-recover: Main recovery loop: starting at 9/8576
2018-07-18T04:19:30.859+0000 I STORAGE  [initandlisten] WiredTiger message [1531887570:859243][1:0x7fbc595b6a00], txn-recover: Recovering log 9 through 10
2018-07-18T04:19:32.110+0000 I STORAGE  [initandlisten] WiredTiger message [1531887572:110704][1:0x7fbc595b6a00], txn-recover: Recovering log 10 through 10
2018-07-18T04:19:32.283+0000 I STORAGE  [initandlisten] WiredTiger message [1531887572:283545][1:0x7fbc595b6a00], txn-recover: Set global recovery timestamp: 0
2018-07-18T04:19:32.358+0000 I RECOVERY [initandlisten] WiredTiger recoveryTimestamp. Ts: Timestamp(0, 0)
2018-07-18T04:19:32.388+0000 I CONTROL  [initandlisten] 
2018-07-18T04:19:32.388+0000 I CONTROL  [initandlisten] ** WARNING: Access control is not enabled for the database.
2018-07-18T04:19:32.388+0000 I CONTROL  [initandlisten] **          Read and write access to data and configuration is unrestricted.
2018-07-18T04:19:32.389+0000 I CONTROL  [initandlisten] 
2018-07-18T04:19:32.412+0000 W SHARDING [initandlisten] Started with --shardsvr, but no shardIdentity document was found on disk in admin.system.version. This most likely means this server has not yet been added to a sharded cluster.
2018-07-18T04:19:32.417+0000 I FTDC     [initandlisten] Initializing full-time diagnostic data capture with directory 'mongodb/data/db/shard_db_3/diagnostic.data'
2018-07-18T04:19:32.421+0000 I NETWORK  [initandlisten] waiting for connections on port 27017
2018-07-18T04:19:32.422+0000 I CONTROL  [LogicalSessionCacheReap] Sessions collection is not set up; waiting until next sessions reap interval: sharding state is not yet initialized
2018-07-18T04:19:32.422+0000 I CONTROL  [LogicalSessionCacheRefresh] Sessions collection is not set up; waiting until next sessions refresh interval: sharding state is not yet initialized
2018-07-18T04:22:16.211+0000 I CONTROL  [signalProcessingThread] got signal 15 (Terminated), will terminate after current cmd ends
2018-07-18T04:22:16.211+0000 I NETWORK  [signalProcessingThread] shutdown: going to close listening sockets...
2018-07-18T04:22:16.212+0000 I NETWORK  [signalProcessingThread] removing socket file: /tmp/mongodb-27017.sock
2018-07-18T04:22:16.213+0000 I CONTROL  [signalProcessingThread] Shutting down free monitoring
2018-07-18T04:22:16.213+0000 I FTDC     [signalProcessingThread] Shutting down full-time diagnostic data capture
2018-07-18T04:22:16.223+0000 I STORAGE  [signalProcessingThread] WiredTigerKVEngine shutting down
2018-07-18T04:22:16.267+0000 I STORAGE  [signalProcessingThread] Downgrading WiredTiger datafiles.
